#
# There is insufficient memory for the Java Runtime Environment to continue.
# Native memory allocation (malloc) failed to allocate 32744 bytes for ChunkPool::allocate
# Possible reasons:
#   The system is out of physical RAM or swap space
#   The process is running with CompressedOops enabled, and the Java Heap may be blocking the growth of the native heap
# Possible solutions:
#   Reduce memory load on the system
#   Increase physical memory or swap space
#   Check if swap backing store is full
#   Decrease Java heap size (-Xmx/-Xms)
#   Decrease number of Java threads
#   Decrease Java thread stack sizes (-Xss)
#   Set larger code cache with -XX:ReservedCodeCacheSize=
#   JVM is running with Unscaled Compressed Oops mode in which the Java heap is
#     placed in the first 4GB address space. The Java Heap base address is the
#     maximum limit for the native heap growth. Please use -XX:HeapBaseMinAddress
#     to set the Java Heap base and to place the Java Heap above 4GB virtual address.
# This output file may be truncated or incomplete.
#
#  Out of Memory Error (allocation.cpp:272), pid=12872, tid=0x0000000000000df0
#
# JRE version: OpenJDK Runtime Environment (8.0_242-b01) (build 1.8.0_242-release-1644-b01)
# Java VM: OpenJDK 64-Bit Server VM (25.242-b01 mixed mode windows-amd64 compressed oops)
# Failed to write core dump. Minidumps are not enabled by default on client versions of Windows
#

---------------  T H R E A D  ---------------

Current thread (0x00000000170dc000):  JavaThread "C2 CompilerThread1" daemon [_thread_in_native, id=3568, stack(0x0000000018820000,0x0000000018920000)]

Stack: [0x0000000018820000,0x0000000018920000]
[error occurred during error reporting (printing stack bounds), id 0xc0000005]

Native frames: (J=compiled Java code, j=interpreted, Vv=VM code, C=native code)


Current CompileTask:
C2:  16635 1567       4       java.net.URLClassLoader$1::run (5 bytes)


---------------  P R O C E S S  ---------------

Java Threads: ( => current thread )
  0x0000000019b76000 JavaThread "File lock request listener" [_thread_in_native, id=15400, stack(0x000000001df10000,0x000000001e010000)]
  0x0000000019b75800 JavaThread "Cache worker for journal cache (C:\Users\Renzo\.gradle\caches\journal-1)" [_thread_blocked, id=6720, stack(0x000000001ce40000,0x000000001cf40000)]
  0x0000000018cfd800 JavaThread "Thread-9" [_thread_blocked, id=16812, stack(0x000000001cb40000,0x000000001cc40000)]
  0x0000000019ec3000 JavaThread "Stdin handler" [_thread_blocked, id=17844, stack(0x000000001ca40000,0x000000001cb40000)]
  0x0000000019ec2800 JavaThread "Asynchronous log dispatcher for DefaultDaemonConnection: socket connection from /127.0.0.1:55545 to /127.0.0.1:55546" [_thread_blocked, id=14772, stack(0x000000001c940000,0x000000001ca40000)]
  0x0000000019f4e000 JavaThread "Daemon worker" [_thread_blocked, id=13480, stack(0x000000001c840000,0x000000001c940000)]
  0x0000000019f4d000 JavaThread "Cancel handler" [_thread_blocked, id=9956, stack(0x000000001c740000,0x000000001c840000)]
  0x0000000018abb000 JavaThread "Handler for socket connection from /127.0.0.1:55545 to /127.0.0.1:55546" [_thread_in_native, id=15064, stack(0x000000001c640000,0x000000001c740000)]
  0x0000000018ab8000 JavaThread "Daemon" [_thread_blocked, id=1916, stack(0x000000001c540000,0x000000001c640000)]
  0x0000000018ab2800 JavaThread "Daemon periodic checks" [_thread_blocked, id=17664, stack(0x000000001c240000,0x000000001c340000)]
  0x000000001a7e9800 JavaThread "Incoming local TCP Connector on port 55545" [_thread_in_native, id=10976, stack(0x000000001c000000,0x000000001c100000)]
  0x00000000189ce000 JavaThread "Daemon health stats" [_thread_blocked, id=3224, stack(0x000000001a9f0000,0x000000001aaf0000)]
  0x000000001893b000 JavaThread "Service Thread" daemon [_thread_blocked, id=12724, stack(0x0000000018e20000,0x0000000018f20000)]
  0x0000000018938800 JavaThread "C1 CompilerThread2" daemon [_thread_blocked, id=11200, stack(0x0000000018d20000,0x0000000018e20000)]
=>0x00000000170dc000 JavaThread "C2 CompilerThread1" daemon [_thread_in_native, id=3568, stack(0x0000000018820000,0x0000000018920000)]
  0x00000000170d8000 JavaThread "C2 CompilerThread0" daemon [_thread_in_native, id=12500, stack(0x0000000018720000,0x0000000018820000)]
  0x00000000170d2800 JavaThread "Attach Listener" daemon [_thread_blocked, id=772, stack(0x0000000018620000,0x0000000018720000)]
  0x00000000170d7000 JavaThread "Signal Dispatcher" daemon [_thread_blocked, id=7340, stack(0x0000000018520000,0x0000000018620000)]
  0x0000000002475800 JavaThread "Finalizer" daemon [_thread_blocked, id=6808, stack(0x0000000018320000,0x0000000018420000)]
  0x00000000170b9000 JavaThread "Reference Handler" daemon [_thread_blocked, id=14848, stack(0x0000000018220000,0x0000000018320000)]
  0x00000000024ae000 JavaThread "main" [_thread_blocked, id=3188, stack(0x0000000002250000,0x0000000002350000)]

Other Threads:
  0x0000000017097800 VMThread [stack: 0x0000000018120000,0x0000000018220000] [id=17000]
  0x000000001893e000 WatcherThread [stack: 0x0000000018f20000,0x0000000019020000] [id=8288]

VM state:not at safepoint (normal execution)

VM Mutex/Monitor currently owned by a thread: None

heap address: 0x0000000080000000, size: 2048 MB, Compressed Oops mode: 32-bit
Narrow klass base: 0x0000000000000000, Narrow klass shift: 3
Compressed class space size: 1073741824 Address: 0x0000000100000000

Heap:
 PSYoungGen      total 37888K, used 37402K [0x00000000d5580000, 0x00000000d9f80000, 0x0000000100000000)
  eden space 32768K, 98% used [0x00000000d5580000,0x00000000d750e8b0,0x00000000d7580000)
  from space 5120K, 99% used [0x00000000d7580000,0x00000000d7a78020,0x00000000d7a80000)
  to   space 5120K, 0% used [0x00000000d9a80000,0x00000000d9a80000,0x00000000d9f80000)
 ParOldGen       total 86016K, used 816K [0x0000000080000000, 0x0000000085400000, 0x00000000d5580000)
  object space 86016K, 0% used [0x0000000080000000,0x00000000800cc1c0,0x0000000085400000)
 Metaspace       used 14560K, capacity 15098K, committed 15232K, reserved 1062912K
  class space    used 1996K, capacity 2165K, committed 2176K, reserved 1048576K

Card table byte_map: [0x0000000011870000,0x0000000011c80000] byte_map_base: 0x0000000011470000

Marking Bits: (ParMarkBitMap*) 0x0000000050fcf030
 Begin Bits: [0x0000000012330000, 0x0000000014330000)
 End Bits:   [0x0000000014330000, 0x0000000016330000)

Polling page: 0x00000000008b0000

CodeCache: size=245760Kb used=5061Kb max_used=5100Kb free=240698Kb
 bounds [0x00000000024b0000, 0x00000000029c0000, 0x00000000114b0000]
 total_blobs=1837 nmethods=1454 adapters=296
 compilation: enabled

Compilation events (10 events):
Event: 16.117 Thread 0x0000000018938800 1570       3       java.util.concurrent.locks.LockSupport::setBlocker (12 bytes)
Event: 16.117 Thread 0x0000000018938800 nmethod 1570 0x000000000265d4d0 code [0x000000000265d620, 0x000000000265d770]
Event: 16.229 Thread 0x0000000018938800 1571       3       java.util.concurrent.locks.AbstractQueuedSynchronizer::isOnSyncQueue (33 bytes)
Event: 16.230 Thread 0x0000000018938800 nmethod 1571 0x00000000026efad0 code [0x00000000026efc40, 0x00000000026effd0]
Event: 16.403 Thread 0x0000000018938800 1572       3       java.util.concurrent.locks.ReentrantLock$Sync::nonfairTryAcquire (67 bytes)
Event: 16.404 Thread 0x0000000018938800 nmethod 1572 0x0000000002684490 code [0x0000000002684620, 0x0000000002684d48]
Event: 16.493 Thread 0x0000000018938800 1573       3       java.util.concurrent.locks.ReentrantLock$NonfairSync::tryAcquire (6 bytes)
Event: 16.493 Thread 0x0000000018938800 nmethod 1573 0x00000000026ef650 code [0x00000000026ef7c0, 0x00000000026ef9c8]
Event: 16.557 Thread 0x0000000018938800 1574       3       java.util.concurrent.locks.ReentrantLock::unlock (10 bytes)
Event: 16.557 Thread 0x0000000018938800 nmethod 1574 0x0000000002683d10 code [0x0000000002683ea0, 0x0000000002684298]

GC Heap History (6 events):
Event: 6.504 GC heap before
{Heap before GC invocations=1 (full 0):
 PSYoungGen      total 37888K, used 32768K [0x00000000d5580000, 0x00000000d7f80000, 0x0000000100000000)
  eden space 32768K, 100% used [0x00000000d5580000,0x00000000d7580000,0x00000000d7580000)
  from space 5120K, 0% used [0x00000000d7a80000,0x00000000d7a80000,0x00000000d7f80000)
  to   space 5120K, 0% used [0x00000000d7580000,0x00000000d7580000,0x00000000d7a80000)
 ParOldGen       total 86016K, used 0K [0x0000000080000000, 0x0000000085400000, 0x00000000d5580000)
  object space 86016K, 0% used [0x0000000080000000,0x0000000080000000,0x0000000085400000)
 Metaspace       used 7235K, capacity 7450K, committed 7680K, reserved 1056768K
  class space    used 890K, capacity 973K, committed 1024K, reserved 1048576K
Event: 6.519 GC heap after
Heap after GC invocations=1 (full 0):
 PSYoungGen      total 37888K, used 4366K [0x00000000d5580000, 0x00000000d7f80000, 0x0000000100000000)
  eden space 32768K, 0% used [0x00000000d5580000,0x00000000d5580000,0x00000000d7580000)
  from space 5120K, 85% used [0x00000000d7580000,0x00000000d79c39b8,0x00000000d7a80000)
  to   space 5120K, 0% used [0x00000000d7a80000,0x00000000d7a80000,0x00000000d7f80000)
 ParOldGen       total 86016K, used 16K [0x0000000080000000, 0x0000000085400000, 0x00000000d5580000)
  object space 86016K, 0% used [0x0000000080000000,0x0000000080004000,0x0000000085400000)
 Metaspace       used 7235K, capacity 7450K, committed 7680K, reserved 1056768K
  class space    used 890K, capacity 973K, committed 1024K, reserved 1048576K
}
Event: 7.700 GC heap before
{Heap before GC invocations=2 (full 0):
 PSYoungGen      total 37888K, used 37134K [0x00000000d5580000, 0x00000000d7f80000, 0x0000000100000000)
  eden space 32768K, 100% used [0x00000000d5580000,0x00000000d7580000,0x00000000d7580000)
  from space 5120K, 85% used [0x00000000d7580000,0x00000000d79c39b8,0x00000000d7a80000)
  to   space 5120K, 0% used [0x00000000d7a80000,0x00000000d7a80000,0x00000000d7f80000)
 ParOldGen       total 86016K, used 16K [0x0000000080000000, 0x0000000085400000, 0x00000000d5580000)
  object space 86016K, 0% used [0x0000000080000000,0x0000000080004000,0x0000000085400000)
 Metaspace       used 7458K, capacity 7662K, committed 7936K, reserved 1056768K
  class space    used 912K, capacity 981K, committed 1024K, reserved 1048576K
Event: 7.731 GC heap after
Heap after GC invocations=2 (full 0):
 PSYoungGen      total 37888K, used 3201K [0x00000000d5580000, 0x00000000d9f80000, 0x0000000100000000)
  eden space 32768K, 0% used [0x00000000d5580000,0x00000000d5580000,0x00000000d7580000)
  from space 5120K, 62% used [0x00000000d7a80000,0x00000000d7da05e8,0x00000000d7f80000)
  to   space 5120K, 0% used [0x00000000d7580000,0x00000000d7580000,0x00000000d7a80000)
 ParOldGen       total 86016K, used 24K [0x0000000080000000, 0x0000000085400000, 0x00000000d5580000)
  object space 86016K, 0% used [0x0000000080000000,0x0000000080006000,0x0000000085400000)
 Metaspace       used 7458K, capacity 7662K, committed 7936K, reserved 1056768K
  class space    used 912K, capacity 981K, committed 1024K, reserved 1048576K
}
Event: 14.492 GC heap before
{Heap before GC invocations=3 (full 0):
 PSYoungGen      total 37888K, used 35969K [0x00000000d5580000, 0x00000000d9f80000, 0x0000000100000000)
  eden space 32768K, 100% used [0x00000000d5580000,0x00000000d7580000,0x00000000d7580000)
  from space 5120K, 62% used [0x00000000d7a80000,0x00000000d7da05e8,0x00000000d7f80000)
  to   space 5120K, 0% used [0x00000000d7580000,0x00000000d7580000,0x00000000d7a80000)
 ParOldGen       total 86016K, used 24K [0x0000000080000000, 0x0000000085400000, 0x00000000d5580000)
  object space 86016K, 0% used [0x0000000080000000,0x0000000080006000,0x0000000085400000)
 Metaspace       used 11861K, capacity 12202K, committed 12544K, reserved 1060864K
  class space    used 1573K, capacity 1681K, committed 1792K, reserved 1048576K
Event: 14.514 GC heap after
Heap after GC invocations=3 (full 0):
 PSYoungGen      total 37888K, used 5088K [0x00000000d5580000, 0x00000000d9f80000, 0x0000000100000000)
  eden space 32768K, 0% used [0x00000000d5580000,0x00000000d5580000,0x00000000d7580000)
  from space 5120K, 99% used [0x00000000d7580000,0x00000000d7a78020,0x00000000d7a80000)
  to   space 5120K, 0% used [0x00000000d9a80000,0x00000000d9a80000,0x00000000d9f80000)
 ParOldGen       total 86016K, used 816K [0x0000000080000000, 0x0000000085400000, 0x00000000d5580000)
  object space 86016K, 0% used [0x0000000080000000,0x00000000800cc1c0,0x0000000085400000)
 Metaspace       used 11861K, capacity 12202K, committed 12544K, reserved 1060864K
  class space    used 1573K, capacity 1681K, committed 1792K, reserved 1048576K
}

Deoptimization events (10 events):
Event: 14.630 Thread 0x0000000018abb000 Uncommon trap: reason=unstable_if action=reinterpret pc=0x00000000027eef14 method=java.lang.String.substring(I)Ljava/lang/String; @ 35
Event: 14.788 Thread 0x0000000019f4e000 Uncommon trap: reason=bimorphic action=maybe_recompile pc=0x000000000277b7ec method=java.util.HashMap.putVal(ILjava/lang/Object;Ljava/lang/Object;ZZ)Ljava/lang/Object; @ 253
Event: 14.789 Thread 0x0000000019f4e000 Uncommon trap: reason=bimorphic action=maybe_recompile pc=0x000000000277b7ec method=java.util.HashMap.putVal(ILjava/lang/Object;Ljava/lang/Object;ZZ)Ljava/lang/Object; @ 253
Event: 14.789 Thread 0x0000000019f4e000 Uncommon trap: reason=bimorphic action=maybe_recompile pc=0x000000000277b7ec method=java.util.HashMap.putVal(ILjava/lang/Object;Ljava/lang/Object;ZZ)Ljava/lang/Object; @ 253
Event: 14.789 Thread 0x0000000019f4e000 Uncommon trap: reason=bimorphic action=maybe_recompile pc=0x000000000277b7ec method=java.util.HashMap.putVal(ILjava/lang/Object;Ljava/lang/Object;ZZ)Ljava/lang/Object; @ 253
Event: 14.789 Thread 0x0000000019f4e000 Uncommon trap: reason=bimorphic action=maybe_recompile pc=0x0000000002786d50 method=java.util.HashMap.putVal(ILjava/lang/Object;Ljava/lang/Object;ZZ)Ljava/lang/Object; @ 253
Event: 15.515 Thread 0x0000000019f4e000 Uncommon trap: reason=class_check action=maybe_recompile pc=0x00000000027f3458 method=java.util.regex.Matcher.match(II)Z @ 86
Event: 15.594 Thread 0x0000000019f4e000 Uncommon trap: reason=class_check action=maybe_recompile pc=0x00000000027f3458 method=java.util.regex.Matcher.match(II)Z @ 86
Event: 15.596 Thread 0x0000000019f4e000 Uncommon trap: reason=class_check action=maybe_recompile pc=0x00000000027f3458 method=java.util.regex.Matcher.match(II)Z @ 86
Event: 15.596 Thread 0x0000000019f4e000 Uncommon trap: reason=class_check action=maybe_recompile pc=0x000000000267398c method=java.util.regex.Matcher.match(II)Z @ 86

Classes redefined (0 events):
No events

Internal exceptions (10 events):
Event: 14.489 Thread 0x0000000018abb000 Exception <a 'java/lang/NoSuchMethodError': <clinit>> (0x00000000d75787f8) thrown at [C:\src\AOSP-openjdk-git\hotspot\src\share\vm\prims\jni.cpp, line 1615]
Event: 14.547 Thread 0x0000000018abb000 Exception <a 'java/lang/NoSuchMethodError': <clinit>> (0x00000000d558b110) thrown at [C:\src\AOSP-openjdk-git\hotspot\src\share\vm\prims\jni.cpp, line 1615]
Event: 14.580 Thread 0x0000000018abb000 Exception <a 'java/lang/NoSuchMethodError': <clinit>> (0x00000000d55b1db8) thrown at [C:\src\AOSP-openjdk-git\hotspot\src\share\vm\prims\jni.cpp, line 1615]
Event: 14.588 Thread 0x0000000018abb000 Exception <a 'java/lang/NoSuchMethodError': <clinit>> (0x00000000d55c98d8) thrown at [C:\src\AOSP-openjdk-git\hotspot\src\share\vm\prims\jni.cpp, line 1615]
Event: 14.590 Thread 0x0000000018abb000 Exception <a 'java/lang/NoSuchMethodError': <clinit>> (0x00000000d55d2478) thrown at [C:\src\AOSP-openjdk-git\hotspot\src\share\vm\prims\jni.cpp, line 1615]
Event: 14.595 Thread 0x0000000018abb000 Exception <a 'java/lang/NoSuchMethodError': <clinit>> (0x00000000d55e8850) thrown at [C:\src\AOSP-openjdk-git\hotspot\src\share\vm\prims\jni.cpp, line 1615]
Event: 14.647 Thread 0x0000000018abb000 Exception <a 'java/lang/NoSuchMethodError': <clinit>> (0x00000000d56850d8) thrown at [C:\src\AOSP-openjdk-git\hotspot\src\share\vm\prims\jni.cpp, line 1615]
Event: 14.655 Thread 0x0000000018abb000 Exception <a 'java/lang/NoSuchMethodError': <clinit>> (0x00000000d56b47e8) thrown at [C:\src\AOSP-openjdk-git\hotspot\src\share\vm\prims\jni.cpp, line 1615]
Event: 14.720 Thread 0x0000000018abb000 Exception <a 'java/lang/NoSuchMethodError': <clinit>> (0x00000000d56e2dc0) thrown at [C:\src\AOSP-openjdk-git\hotspot\src\share\vm\prims\jni.cpp, line 1615]
Event: 14.723 Thread 0x0000000018abb000 Exception <a 'java/lang/NoSuchMethodError': <clinit>> (0x00000000d56ef238) thrown at [C:\src\AOSP-openjdk-git\hotspot\src\share\vm\prims\jni.cpp, line 1615]

Events (10 events):
Event: 16.119 loading class org/gradle/cache/internal/locklistener/FileLockPacketType
Event: 16.119 loading class org/gradle/cache/internal/locklistener/FileLockPacketType done
Event: 16.120 loading class org/gradle/cache/internal/locklistener/FileLockPacketPayload
Event: 16.120 loading class org/gradle/cache/internal/locklistener/FileLockPacketPayload done
Event: 16.122 loading class java/net/DatagramPacket$1
Event: 16.122 loading class java/net/DatagramPacket$1 done
Event: 16.221 Executing VM operation: RevokeBias
Event: 16.222 Executing VM operation: RevokeBias done
Event: 16.222 Executing VM operation: RevokeBias
Event: 16.222 Executing VM operation: RevokeBias done


Dynamic libraries:
0x00007ff70e890000 - 0x00007ff70e8c1000 	C:\Program Files\Android\Android Studio\jre\bin\java.exe
0x00007ffc56920000 - 0x00007ffc56b10000 	C:\WINDOWS\SYSTEM32\ntdll.dll
0x00007ffc38c30000 - 0x00007ffc38c42000 	C:\Program Files\AVG\Antivirus\aswhook.dll
0x00007ffc54bc0000 - 0x00007ffc54c72000 	C:\WINDOWS\System32\KERNEL32.DLL
0x00007ffc53af0000 - 0x00007ffc53d95000 	C:\WINDOWS\System32\KERNELBASE.dll
0x00007ffc56180000 - 0x00007ffc56223000 	C:\WINDOWS\System32\ADVAPI32.dll
0x00007ffc55400000 - 0x00007ffc5549e000 	C:\WINDOWS\System32\msvcrt.dll
0x00007ffc54ab0000 - 0x00007ffc54b47000 	C:\WINDOWS\System32\sechost.dll
0x00007ffc554d0000 - 0x00007ffc555f0000 	C:\WINDOWS\System32\RPCRT4.dll
0x00007ffc56310000 - 0x00007ffc564a4000 	C:\WINDOWS\System32\USER32.dll
0x00007ffc53ac0000 - 0x00007ffc53ae1000 	C:\WINDOWS\System32\win32u.dll
0x00007ffc554a0000 - 0x00007ffc554c6000 	C:\WINDOWS\System32\GDI32.dll
0x00007ffc538d0000 - 0x00007ffc53a66000 	C:\WINDOWS\System32\gdi32full.dll
0x00007ffc53fd0000 - 0x00007ffc5406e000 	C:\WINDOWS\System32\msvcp_win.dll
0x00007ffc548d0000 - 0x00007ffc549ca000 	C:\WINDOWS\System32\ucrtbase.dll
0x00007ffc3ebe0000 - 0x00007ffc3ee64000 	C:\WINDOWS\WinSxS\amd64_microsoft.windows.common-controls_6595b64144ccf1df_6.0.18362.1139_none_9e7bf2d3e4605ac6\COMCTL32.dll
0x00007ffc555f0000 - 0x00007ffc55925000 	C:\WINDOWS\System32\combase.dll
0x00007ffc53da0000 - 0x00007ffc53e20000 	C:\WINDOWS\System32\bcryptPrimitives.dll
0x00007ffc549d0000 - 0x00007ffc549fe000 	C:\WINDOWS\System32\IMM32.DLL
0x0000000077f20000 - 0x0000000077ff2000 	C:\Program Files\Android\Android Studio\jre\jre\bin\msvcr100.dll
0x0000000050800000 - 0x000000005104b000 	C:\Program Files\Android\Android Studio\jre\jre\bin\server\jvm.dll
0x00007ffc56680000 - 0x00007ffc56688000 	C:\WINDOWS\System32\PSAPI.DLL
0x00007ffc431a0000 - 0x00007ffc431a9000 	C:\WINDOWS\SYSTEM32\WSOCK32.dll
0x00007ffc54b50000 - 0x00007ffc54bbf000 	C:\WINDOWS\System32\WS2_32.dll
0x00007ffc50d30000 - 0x00007ffc50d54000 	C:\WINDOWS\SYSTEM32\WINMM.dll
0x00007ffc485e0000 - 0x00007ffc485ea000 	C:\WINDOWS\SYSTEM32\VERSION.dll
0x00007ffc50d00000 - 0x00007ffc50d2d000 	C:\WINDOWS\SYSTEM32\WINMMBASE.dll
0x00007ffc53a70000 - 0x00007ffc53aba000 	C:\WINDOWS\System32\cfgmgr32.dll
0x00007ffc4df50000 - 0x00007ffc4df5f000 	C:\Program Files\Android\Android Studio\jre\jre\bin\verify.dll
0x00007ffc446a0000 - 0x00007ffc446c9000 	C:\Program Files\Android\Android Studio\jre\jre\bin\java.dll
0x00007ffc4d9e0000 - 0x00007ffc4d9f6000 	C:\Program Files\Android\Android Studio\jre\jre\bin\zip.dll
0x00007ffc55a10000 - 0x00007ffc560f7000 	C:\WINDOWS\System32\SHELL32.dll
0x00007ffc54a00000 - 0x00007ffc54aa9000 	C:\WINDOWS\System32\shcore.dll
0x00007ffc54070000 - 0x00007ffc547f0000 	C:\WINDOWS\System32\windows.storage.dll
0x00007ffc53880000 - 0x00007ffc538a3000 	C:\WINDOWS\System32\profapi.dll
0x00007ffc53810000 - 0x00007ffc5385a000 	C:\WINDOWS\System32\powrprof.dll
0x00007ffc537e0000 - 0x00007ffc537f0000 	C:\WINDOWS\System32\UMPDC.dll
0x00007ffc56880000 - 0x00007ffc568d2000 	C:\WINDOWS\System32\shlwapi.dll
0x00007ffc53860000 - 0x00007ffc53871000 	C:\WINDOWS\System32\kernel.appcore.dll
0x00007ffc538b0000 - 0x00007ffc538c7000 	C:\WINDOWS\System32\cryptsp.dll
0x00007ffc3e390000 - 0x00007ffc3e3aa000 	C:\Program Files\Android\Android Studio\jre\jre\bin\net.dll
0x00007ffc52fd0000 - 0x00007ffc53037000 	C:\WINDOWS\system32\mswsock.dll
0x00007ffc3cba0000 - 0x00007ffc3cbb3000 	C:\Program Files\Android\Android Studio\jre\jre\bin\nio.dll
0x00007ffc3ba00000 - 0x00007ffc3ba27000 	C:\Users\Renzo\.gradle\native\f6784746aeab05261644944871eae4fe03e0ef1612fff0a4a95f87b438bc6780\windows-amd64\native-platform.dll
0x00007ffc4df10000 - 0x00007ffc4df1d000 	C:\Program Files\Android\Android Studio\jre\jre\bin\management.dll
0x00007ffc52b40000 - 0x00007ffc52b73000 	C:\WINDOWS\system32\rsaenh.dll
0x00007ffc548a0000 - 0x00007ffc548c6000 	C:\WINDOWS\System32\bcrypt.dll
0x00007ffc53700000 - 0x00007ffc53725000 	C:\WINDOWS\SYSTEM32\USERENV.dll
0x00007ffc531a0000 - 0x00007ffc531ac000 	C:\WINDOWS\SYSTEM32\CRYPTBASE.dll
0x00007ffc52ce0000 - 0x00007ffc52d1a000 	C:\WINDOWS\SYSTEM32\IPHLPAPI.DLL
0x00007ffc56300000 - 0x00007ffc56308000 	C:\WINDOWS\System32\NSI.dll
0x00007ffc472d0000 - 0x00007ffc472e6000 	C:\WINDOWS\SYSTEM32\dhcpcsvc6.DLL
0x00007ffc47780000 - 0x00007ffc4779c000 	C:\WINDOWS\SYSTEM32\dhcpcsvc.DLL
0x00007ffc52d20000 - 0x00007ffc52deb000 	C:\WINDOWS\SYSTEM32\DNSAPI.dll
0x00007ffc48a40000 - 0x00007ffc48a4b000 	C:\WINDOWS\SYSTEM32\WINNSI.DLL

VM Arguments:
jvm_args: -Xmx2048m -Dfile.encoding=UTF-8 -Duser.country=US -Duser.language=en -Duser.variant 
java_command: org.gradle.launcher.daemon.bootstrap.GradleDaemon 6.5
java_class_path (initial): C:\Users\Renzo\.gradle\wrapper\dists\gradle-6.5-bin\6nifqtx7604sqp1q6g8wikw7p\gradle-6.5\lib\gradle-launcher-6.5.jar
Launcher Type: SUN_STANDARD

Environment Variables:
PATH=C:\Users\Renzo\.IdeaIC2019.2\system\tmp\patch-update\jre\bin;C:\ProgramData\Oracle\Java\javapath;C:\WINDOWS\system32;C:\WINDOWS;C:\WINDOWS\System32\Wbem;C:\WINDOWS\System32\WindowsPowerShell\v1.0\;C:\Program Files\Intel\WiFi\bin\;C:\Program Files\Common Files\Intel\WirelessCommon\;C:\Program Files (x86)\PharosSystems\Core;C:\Program Files\dotnet\;C:\WINDOWS\System32\OpenSSH\;C:\Program Files\PuTTY\;C:\Program Files\Git\cmd;C:\ProgramData\chocolatey\bin;C:\Users\Renzo\.IdeaIC2019.2\system\tmp\patch-update\jre\bin;C:\Mingw-w64\mingw32\bin;C:\Users\Renzo\AppData\Local\Programs\Microsoft VS Code\bin;C:\Users\Renzo\AppData\Local\Microsoft\WindowsApps;C:\Users\Renzo\AppData\Local\Box\Box Edit\;
USERNAME=Renzo
OS=Windows_NT
PROCESSOR_IDENTIFIER=Intel64 Family 6 Model 78 Stepping 3, GenuineIntel



---------------  S Y S T E M  ---------------

OS: Windows 10.0 , 64 bit Build 18362 (10.0.18362.1110)

CPU:total 4 (initial active 4) (2 cores per cpu, 2 threads per core) family 6 model 78 stepping 3, cmov, cx8, fxsr, mmx, sse, sse2, sse3, ssse3, sse4.1, sse4.2, popcnt, avx, avx2, aes, clmul, erms, 3dnowpref, lzcnt, ht, tsc, tscinvbit, bmi1, bmi2, adx

Memory: 4k page, physical 8238856k(730776k free), swap 10185480k(11292k free)

vm_info: OpenJDK 64-Bit Server VM (25.242-b01) for windows-amd64 JRE (1.8.0_242-release-1644-b01), built by "builder" with MS VC++ 10.0 (VS2010)

time: Wed Nov 11 22:52:55 2020
timezone: Mountain Standard Time
elapsed time: 16 seconds (0d 0h 0m 16s)

