#
# There is insufficient memory for the Java Runtime Environment to continue.
# Native memory allocation (malloc) failed to allocate 131088 bytes for Chunk::new
# Possible reasons:
#   The system is out of physical RAM or swap space
#   The process is running with CompressedOops enabled, and the Java Heap may be blocking the growth of the native heap
# Possible solutions:
#   Reduce memory load on the system
#   Increase physical memory or swap space
#   Check if swap backing store is full
#   Decrease Java heap size (-Xmx/-Xms)
#   Decrease number of Java threads
#   Decrease Java thread stack sizes (-Xss)
#   Set larger code cache with -XX:ReservedCodeCacheSize=
#   JVM is running with Unscaled Compressed Oops mode in which the Java heap is
#     placed in the first 4GB address space. The Java Heap base address is the
#     maximum limit for the native heap growth. Please use -XX:HeapBaseMinAddress
#     to set the Java Heap base and to place the Java Heap above 4GB virtual address.
# This output file may be truncated or incomplete.
#
#  Out of Memory Error (allocation.cpp:389), pid=8684, tid=0x0000000000000dd4
#
# JRE version: OpenJDK Runtime Environment (8.0_242-b01) (build 1.8.0_242-release-1644-b01)
# Java VM: OpenJDK 64-Bit Server VM (25.242-b01 mixed mode windows-amd64 compressed oops)
# Failed to write core dump. Minidumps are not enabled by default on client versions of Windows
#

---------------  T H R E A D  ---------------

Current thread (0x000000001732f800):  JavaThread "C2 CompilerThread1" daemon [_thread_in_native, id=3540, stack(0x0000000018a80000,0x0000000018b80000)]

Stack: [0x0000000018a80000,0x0000000018b80000]
[error occurred during error reporting (printing stack bounds), id 0xc0000005]

Native frames: (J=compiled Java code, j=interpreted, Vv=VM code, C=native code)


Current CompileTask:
C2: 150069 13380   !   4       com.sun.org.apache.xerces.internal.parsers.XML11Configuration::setProperty (172 bytes)


---------------  P R O C E S S  ---------------

Java Threads: ( => current thread )
  0x0000000023047000 JavaThread "stdout" [_thread_in_native, id=16712, stack(0x000000002d7b0000,0x000000002d8b0000)]
  0x0000000023042800 JavaThread "stderr" [_thread_in_native, id=19256, stack(0x000000002d6b0000,0x000000002d7b0000)]
  0x0000000023046000 JavaThread "stdout" [_thread_in_native, id=18032, stack(0x000000002d5b0000,0x000000002d6b0000)]
  0x0000000023045800 JavaThread "stderr" [_thread_in_native, id=17308, stack(0x000000002d4b0000,0x000000002d5b0000)]
  0x0000000023044800 JavaThread "stdout" [_thread_in_native, id=3964, stack(0x000000002d3b0000,0x000000002d4b0000)]
  0x0000000023041800 JavaThread "stderr" [_thread_in_native, id=7364, stack(0x000000002d2b0000,0x000000002d3b0000)]
  0x0000000023044000 JavaThread "stdout" [_thread_in_native, id=14276, stack(0x000000002d1b0000,0x000000002d2b0000)]
  0x000000002303a000 JavaThread "stderr" [_thread_in_native, id=1624, stack(0x000000002d0b0000,0x000000002d1b0000)]
  0x000000002303c800 JavaThread "pool-4-thread-1" [_thread_blocked, id=15972, stack(0x000000002cfb0000,0x000000002d0b0000)]
  0x000000002303b000 JavaThread "MarlinRenderer Disposer" daemon [_thread_blocked, id=12492, stack(0x000000002ceb0000,0x000000002cfb0000)]
  0x0000000023038800 JavaThread "Java2D Disposer" daemon [_thread_blocked, id=19660, stack(0x000000002cbb0000,0x000000002ccb0000)]
  0x000000002303e800 JavaThread "WorkerExecutor Queue Thread 4" [_thread_blocked, id=19412, stack(0x000000002c9b0000,0x000000002cab0000)]
  0x000000002303f800 JavaThread "WorkerExecutor Queue Thread 3" [_thread_blocked, id=13680, stack(0x000000002c8b0000,0x000000002c9b0000)]
  0x000000002303e000 JavaThread "WorkerExecutor Queue Thread 2" [_thread_in_native, id=15844, stack(0x000000002c0c0000,0x000000002c1c0000)]
  0x000000001ae10800 JavaThread "WorkerExecutor Queue" [_thread_blocked, id=17048, stack(0x000000002be40000,0x000000002bf40000)]
  0x000000001ae0c000 JavaThread "Cache worker for execution history cache (C:\Users\Renzo\AndroidStudioProjects\MyFamilyMap\.gradle\6.5\executionHistory)" [_thread_blocked, id=19064, stack(0x000000002c5b0000,0x000000002c6b0000)]
  0x000000001ae0e000 JavaThread "Execution worker for ':' Thread 3" [_thread_blocked, id=15532, stack(0x000000002c4b0000,0x000000002c5b0000)]
  0x000000001ae0f800 JavaThread "Execution worker for ':' Thread 2" [_thread_blocked, id=19592, stack(0x000000002c3b0000,0x000000002c4b0000)]
  0x000000001ae09000 JavaThread "Execution worker for ':'" [_thread_blocked, id=18880, stack(0x000000002c2b0000,0x000000002c3b0000)]
  0x000000001ae0d800 JavaThread "Cache worker for file content cache (C:\Users\Renzo\AndroidStudioProjects\MyFamilyMap\.gradle\6.5\fileContent)" [_thread_blocked, id=5504, stack(0x000000002bfc0000,0x000000002c0c0000)]
  0x000000001ae0b000 JavaThread "pool-3-thread-1" [_thread_blocked, id=19460, stack(0x000000002bd40000,0x000000002be40000)]
  0x000000001ae0c800 JavaThread "Cache worker for Build Output Cleanup Cache (C:\Users\Renzo\AndroidStudioProjects\MyFamilyMap\.gradle\buildOutputCleanup)" [_thread_blocked, id=4384, stack(0x000000002bc40000,0x000000002bd40000)]
  0x000000001ae0f000 JavaThread "jar transforms Thread 184" [_thread_blocked, id=9776, stack(0x000000002bb40000,0x000000002bc40000)]
  0x000000001ae01000 JavaThread "jar transforms Thread 183" [_thread_blocked, id=3624, stack(0x0000000029aa0000,0x0000000029ba0000)]
  0x000000001ae08000 JavaThread "jar transforms Thread 182" [_thread_blocked, id=19556, stack(0x00000000286a0000,0x00000000287a0000)]
  0x000000001ae06800 JavaThread "jar transforms Thread 181" [_thread_blocked, id=19104, stack(0x00000000281a0000,0x00000000282a0000)]
  0x000000001ae07000 JavaThread "jar transforms Thread 180" [_thread_blocked, id=18328, stack(0x00000000280a0000,0x00000000281a0000)]
  0x000000001ae05800 JavaThread "jar transforms Thread 179" [_thread_blocked, id=17680, stack(0x0000000027fa0000,0x00000000280a0000)]
  0x000000001ae05000 JavaThread "jar transforms Thread 178" [_thread_blocked, id=9848, stack(0x0000000027ea0000,0x0000000027fa0000)]
  0x000000001ae04000 JavaThread "jar transforms Thread 177" [_thread_blocked, id=8700, stack(0x0000000027da0000,0x0000000027ea0000)]
  0x000000001ae03800 JavaThread "jar transforms Thread 176" [_thread_blocked, id=10868, stack(0x0000000027ca0000,0x0000000027da0000)]
  0x000000001ae02800 JavaThread "jar transforms Thread 175" [_thread_blocked, id=18108, stack(0x0000000027ba0000,0x0000000027ca0000)]
  0x000000001ae02000 JavaThread "jar transforms Thread 174" [_thread_blocked, id=4020, stack(0x0000000027aa0000,0x0000000027ba0000)]
  0x000000002284c000 JavaThread "jar transforms Thread 173" [_thread_blocked, id=9560, stack(0x00000000279a0000,0x0000000027aa0000)]
  0x000000002284b800 JavaThread "jar transforms Thread 172" [_thread_blocked, id=9640, stack(0x00000000278a0000,0x00000000279a0000)]
  0x000000002284f000 JavaThread "jar transforms Thread 171" [_thread_blocked, id=16964, stack(0x00000000277a0000,0x00000000278a0000)]
  0x000000002284a800 JavaThread "jar transforms Thread 170" [_thread_blocked, id=19720, stack(0x00000000276a0000,0x00000000277a0000)]
  0x0000000022851800 JavaThread "jar transforms Thread 169" [_thread_blocked, id=11336, stack(0x00000000275a0000,0x00000000276a0000)]
  0x000000002284d800 JavaThread "jar transforms Thread 168" [_thread_blocked, id=19708, stack(0x00000000274a0000,0x00000000275a0000)]
  0x000000002284e800 JavaThread "jar transforms Thread 167" [_thread_blocked, id=6720, stack(0x00000000273a0000,0x00000000274a0000)]
  0x0000000022850800 JavaThread "jar transforms Thread 166" [_thread_blocked, id=14040, stack(0x00000000272a0000,0x00000000273a0000)]
  0x000000002284d000 JavaThread "jar transforms Thread 165" [_thread_blocked, id=18628, stack(0x00000000271a0000,0x00000000272a0000)]
  0x0000000022850000 JavaThread "jar transforms Thread 164" [_thread_blocked, id=20552, stack(0x00000000270a0000,0x00000000271a0000)]
  0x0000000022843000 JavaThread "jar transforms Thread 163" [_thread_blocked, id=8388, stack(0x0000000026fa0000,0x00000000270a0000)]
  0x000000002284a000 JavaThread "jar transforms Thread 162" [_thread_blocked, id=7192, stack(0x0000000026ea0000,0x0000000026fa0000)]
  0x0000000022842000 JavaThread "jar transforms Thread 161" [_thread_blocked, id=16344, stack(0x0000000026da0000,0x0000000026ea0000)]
  0x0000000022849000 JavaThread "jar transforms Thread 160" [_thread_blocked, id=15292, stack(0x0000000026ca0000,0x0000000026da0000)]
  0x0000000022848800 JavaThread "jar transforms Thread 159" [_thread_blocked, id=15924, stack(0x0000000026ba0000,0x0000000026ca0000)]
  0x0000000022847000 JavaThread "jar transforms Thread 158" [_thread_blocked, id=19904, stack(0x0000000026aa0000,0x0000000026ba0000)]
  0x0000000022845800 JavaThread "jar transforms Thread 157" [_thread_blocked, id=13204, stack(0x00000000269a0000,0x0000000026aa0000)]
  0x0000000022847800 JavaThread "jar transforms Thread 156" [_thread_blocked, id=2848, stack(0x00000000268a0000,0x00000000269a0000)]
  0x0000000022846000 JavaThread "jar transforms Thread 155" [_thread_blocked, id=19604, stack(0x00000000267a0000,0x00000000268a0000)]
  0x0000000022844000 JavaThread "jar transforms Thread 154" [_thread_blocked, id=7236, stack(0x00000000266a0000,0x00000000267a0000)]
  0x0000000022844800 JavaThread "jar transforms Thread 153" [_thread_blocked, id=15908, stack(0x00000000265a0000,0x00000000266a0000)]
  0x000000001b7ab000 JavaThread "jar transforms Thread 152" [_thread_blocked, id=12260, stack(0x00000000264a0000,0x00000000265a0000)]
  0x000000001b7a8800 JavaThread "jar transforms Thread 151" [_thread_blocked, id=19068, stack(0x00000000263a0000,0x00000000264a0000)]
  0x000000001b7a8000 JavaThread "jar transforms Thread 150" [_thread_blocked, id=12096, stack(0x00000000262a0000,0x00000000263a0000)]
  0x000000001b7ac800 JavaThread "jar transforms Thread 149" [_thread_blocked, id=19776, stack(0x00000000261a0000,0x00000000262a0000)]
  0x000000001b7ae000 JavaThread "jar transforms Thread 148" [_thread_blocked, id=16676, stack(0x00000000260a0000,0x00000000261a0000)]
  0x000000001b7ab800 JavaThread "jar transforms Thread 147" [_thread_blocked, id=14852, stack(0x0000000025fa0000,0x00000000260a0000)]
  0x000000001b7ad000 JavaThread "jar transforms Thread 146" [_thread_blocked, id=18052, stack(0x0000000025ea0000,0x0000000025fa0000)]
  0x000000001b7aa000 JavaThread "jar transforms Thread 145" [_thread_blocked, id=18728, stack(0x0000000025da0000,0x0000000025ea0000)]
  0x000000001b7ae800 JavaThread "jar transforms Thread 144" [_thread_blocked, id=20476, stack(0x0000000025ca0000,0x0000000025da0000)]
  0x000000001b7a9800 JavaThread "jar transforms Thread 143" [_thread_blocked, id=7752, stack(0x0000000025ba0000,0x0000000025ca0000)]
  0x000000001b7a0800 JavaThread "jar transforms Thread 142" [_thread_blocked, id=18028, stack(0x0000000025aa0000,0x0000000025ba0000)]
  0x000000001b7a7000 JavaThread "jar transforms Thread 141" [_thread_blocked, id=12652, stack(0x00000000259a0000,0x0000000025aa0000)]
  0x000000001b7a6800 JavaThread "jar transforms Thread 140" [_thread_blocked, id=16356, stack(0x00000000258a0000,0x00000000259a0000)]
  0x000000001b7a5800 JavaThread "jar transforms Thread 139" [_thread_blocked, id=9912, stack(0x00000000257a0000,0x00000000258a0000)]
  0x000000001b7a5000 JavaThread "jar transforms Thread 138" [_thread_blocked, id=20664, stack(0x00000000256a0000,0x00000000257a0000)]
  0x000000001b7a4000 JavaThread "jar transforms Thread 137" [_thread_blocked, id=21184, stack(0x00000000255a0000,0x00000000256a0000)]
  0x000000001b7a3800 JavaThread "jar transforms Thread 136" [_thread_blocked, id=1116, stack(0x00000000252a0000,0x00000000253a0000)]
  0x000000001b79f800 JavaThread "jar transforms Thread 135" [_thread_blocked, id=20876, stack(0x00000000251a0000,0x00000000252a0000)]
  0x000000001b7a1000 JavaThread "jar transforms Thread 134" [_thread_blocked, id=9680, stack(0x00000000250a0000,0x00000000251a0000)]
  0x000000001b7a2800 JavaThread "jar transforms Thread 133" [_thread_blocked, id=7028, stack(0x0000000024fa0000,0x00000000250a0000)]
  0x000000001b7a2000 JavaThread "jar transforms Thread 132" [_thread_blocked, id=14056, stack(0x0000000024ea0000,0x0000000024fa0000)]
  0x000000001ad84800 JavaThread "jar transforms Thread 131" [_thread_blocked, id=2600, stack(0x0000000024da0000,0x0000000024ea0000)]
  0x000000001ad85000 JavaThread "jar transforms Thread 130" [_thread_blocked, id=4352, stack(0x0000000024ca0000,0x0000000024da0000)]
  0x000000001ad83800 JavaThread "jar transforms Thread 129" [_thread_blocked, id=17252, stack(0x0000000024ba0000,0x0000000024ca0000)]
  0x000000001ad7f000 JavaThread "jar transforms Thread 128" [_thread_blocked, id=13764, stack(0x0000000024aa0000,0x0000000024ba0000)]
  0x000000001ad7e800 JavaThread "jar transforms Thread 127" [_thread_blocked, id=17072, stack(0x00000000249a0000,0x0000000024aa0000)]
  0x000000001ad80000 JavaThread "jar transforms Thread 126" [_thread_blocked, id=20168, stack(0x00000000248a0000,0x00000000249a0000)]
  0x000000001ad80800 JavaThread "jar transforms Thread 125" [_thread_blocked, id=18136, stack(0x00000000247a0000,0x00000000248a0000)]
  0x0000000018e8b800 JavaThread "jar transforms Thread 124" [_thread_blocked, id=17744, stack(0x00000000246a0000,0x00000000247a0000)]
  0x0000000018e8a800 JavaThread "jar transforms Thread 123" [_thread_blocked, id=3484, stack(0x00000000245a0000,0x00000000246a0000)]
  0x0000000018e8a000 JavaThread "jar transforms Thread 122" [_thread_blocked, id=17784, stack(0x00000000244a0000,0x00000000245a0000)]
  0x0000000018e89000 JavaThread "jar transforms Thread 121" [_thread_blocked, id=20524, stack(0x00000000243a0000,0x00000000244a0000)]
  0x0000000018e88800 JavaThread "jar transforms Thread 120" [_thread_blocked, id=4688, stack(0x00000000242a0000,0x00000000243a0000)]
  0x0000000018e81000 JavaThread "jar transforms Thread 119" [_thread_blocked, id=20756, stack(0x00000000241a0000,0x00000000242a0000)]
  0x0000000018e82800 JavaThread "jar transforms Thread 118" [_thread_blocked, id=19428, stack(0x00000000240a0000,0x00000000241a0000)]
  0x0000000018e87800 JavaThread "jar transforms Thread 117" [_thread_blocked, id=20340, stack(0x0000000023fa0000,0x00000000240a0000)]
  0x0000000018e87000 JavaThread "jar transforms Thread 116" [_thread_blocked, id=20624, stack(0x0000000023ea0000,0x0000000023fa0000)]
  0x0000000018e80000 JavaThread "jar transforms Thread 115" [_thread_blocked, id=4024, stack(0x0000000023da0000,0x0000000023ea0000)]
  0x0000000018e86000 JavaThread "jar transforms Thread 114" [_thread_blocked, id=10184, stack(0x0000000023ca0000,0x0000000023da0000)]
  0x0000000018e7f800 JavaThread "jar transforms Thread 113" [_thread_blocked, id=15804, stack(0x0000000023ba0000,0x0000000023ca0000)]
  0x0000000018e7e800 JavaThread "jar transforms Thread 112" [_thread_blocked, id=17036, stack(0x0000000023aa0000,0x0000000023ba0000)]
  0x0000000018e85800 JavaThread "jar transforms Thread 111" [_thread_blocked, id=17560, stack(0x00000000239a0000,0x0000000023aa0000)]
  0x0000000018fa4000 JavaThread "jar transforms Thread 110" [_thread_blocked, id=8576, stack(0x00000000238a0000,0x00000000239a0000)]
  0x0000000018fa3000 JavaThread "jar transforms Thread 109" [_thread_blocked, id=5764, stack(0x00000000237a0000,0x00000000238a0000)]
  0x0000000018fa5800 JavaThread "jar transforms Thread 108" [_thread_blocked, id=20244, stack(0x00000000236a0000,0x00000000237a0000)]
  0x0000000018fa2800 JavaThread "jar transforms Thread 107" [_thread_blocked, id=20896, stack(0x00000000235a0000,0x00000000236a0000)]
  0x0000000018fa7000 JavaThread "jar transforms Thread 106" [_thread_blocked, id=4560, stack(0x0000000022230000,0x0000000022330000)]
  0x0000000018fa1000 JavaThread "jar transforms Thread 105" [_thread_blocked, id=16096, stack(0x0000000021b10000,0x0000000021c10000)]
  0x0000000018fa7800 JavaThread "jar transforms Thread 104" [_thread_blocked, id=12904, stack(0x0000000021010000,0x0000000021110000)]
  0x0000000018fa4800 JavaThread "jar transforms Thread 103" [_thread_blocked, id=1504, stack(0x0000000020c10000,0x0000000020d10000)]
  0x0000000018fa6000 JavaThread "jar transforms Thread 102" [_thread_blocked, id=18552, stack(0x0000000020b10000,0x0000000020c10000)]
  0x0000000018f99800 JavaThread "jar transforms Thread 101" [_thread_blocked, id=9916, stack(0x0000000020a10000,0x0000000020b10000)]
  0x0000000018f9c800 JavaThread "jar transforms Thread 100" [_thread_blocked, id=3968, stack(0x0000000020910000,0x0000000020a10000)]
  0x0000000018f9b800 JavaThread "jar transforms Thread 99" [_thread_blocked, id=20840, stack(0x0000000020810000,0x0000000020910000)]
  0x0000000018f9e000 JavaThread "jar transforms Thread 98" [_thread_blocked, id=1484, stack(0x0000000020710000,0x0000000020810000)]
  0x0000000018fa0000 JavaThread "jar transforms Thread 97" [_thread_blocked, id=3036, stack(0x0000000020610000,0x0000000020710000)]
  0x000000001adbc000 JavaThread "jar transforms Thread 96" [_thread_blocked, id=5940, stack(0x0000000020510000,0x0000000020610000)]
  0x000000001adc0800 JavaThread "jar transforms Thread 95" [_thread_blocked, id=6216, stack(0x0000000020410000,0x0000000020510000)]
  0x000000001adbc800 JavaThread "jar transforms Thread 94" [_thread_blocked, id=20960, stack(0x0000000020310000,0x0000000020410000)]
  0x000000001adbe000 JavaThread "jar transforms Thread 93" [_thread_blocked, id=9460, stack(0x0000000020210000,0x0000000020310000)]
  0x000000001adb4000 JavaThread "Build operations Thread 4" [_thread_in_native, id=18232, stack(0x0000000020110000,0x0000000020210000)]
  0x000000001adbb000 JavaThread "Build operations Thread 3" [_thread_in_vm, id=21252, stack(0x0000000020010000,0x0000000020110000)]
  0x000000001adb9000 JavaThread "Build operations Thread 2" [_thread_blocked, id=12376, stack(0x000000001ff10000,0x0000000020010000)]
  0x000000001adba800 JavaThread "Build operations" [_thread_blocked, id=19512, stack(0x000000001fe10000,0x000000001ff10000)]
  0x000000001adb6000 JavaThread "Cache worker for cache directory md-rule (C:\Users\Renzo\.gradle\caches\6.5\md-rule)" [_thread_blocked, id=8736, stack(0x000000001fb10000,0x000000001fc10000)]
  0x000000001adb2000 JavaThread "Cache worker for cache directory md-supplier (C:\Users\Renzo\.gradle\caches\6.5\md-supplier)" [_thread_blocked, id=16512, stack(0x000000001fa10000,0x000000001fb10000)]
  0x000000001adb7800 JavaThread "Cache worker for checksums cache (C:\Users\Renzo\AndroidStudioProjects\MyFamilyMap\.gradle\checksums)" [_thread_blocked, id=16496, stack(0x000000001e8d0000,0x000000001e9d0000)]
  0x000000001adb8000 JavaThread "Cache worker for file hash cache (C:\Users\Renzo\AndroidStudioProjects\MyFamilyMap\.gradle\6.5\fileHashes)" [_thread_blocked, id=8792, stack(0x000000001e7d0000,0x000000001e8d0000)]
  0x000000001adb3800 JavaThread "Thread-124" [_thread_blocked, id=19144, stack(0x000000001ce00000,0x000000001cf00000)]
  0x000000001adb1000 JavaThread "Stdin handler" [_thread_blocked, id=9960, stack(0x000000001cd00000,0x000000001ce00000)]
  0x000000001adb2800 JavaThread "Asynchronous log dispatcher for DefaultDaemonConnection: socket connection from /127.0.0.1:57718 to /127.0.0.1:57727" [_thread_blocked, id=10764, stack(0x000000001cc00000,0x000000001cd00000)]
  0x000000001adb6800 JavaThread "Cancel handler" [_thread_blocked, id=20036, stack(0x000000001ca00000,0x000000001cb00000)]
  0x000000001adb5000 JavaThread "Handler for socket connection from /127.0.0.1:57718 to /127.0.0.1:57727" [_thread_in_native, id=7084, stack(0x000000001c900000,0x000000001ca00000)]
  0x0000000018e7c800 JavaThread "Memory manager" [_thread_blocked, id=17012, stack(0x00000000297a0000,0x00000000298a0000)]
  0x000000001adbf000 JavaThread "Cache worker for file content cache (C:\Users\Renzo\.gradle\caches\6.5\fileContent)" [_thread_blocked, id=1876, stack(0x0000000021a10000,0x0000000021b10000)]
  0x000000001adbd800 JavaThread "Cache worker for execution history cache (C:\Users\Renzo\.gradle\caches\6.5\executionHistory)" [_thread_blocked, id=18300, stack(0x0000000021510000,0x0000000021610000)]
  0x000000001ad83000 JavaThread "Cache worker for file hash cache (C:\Users\Renzo\.gradle\caches\6.5\fileHashes)" [_thread_blocked, id=4480, stack(0x000000001d300000,0x000000001d400000)]
  0x000000001ad82000 JavaThread "File lock request listener" [_thread_in_native, id=18284, stack(0x000000001d200000,0x000000001d300000)]
  0x000000001ad81800 JavaThread "Cache worker for journal cache (C:\Users\Renzo\.gradle\caches\journal-1)" [_thread_blocked, id=7568, stack(0x000000001d100000,0x000000001d200000)]
  0x0000000019e74000 JavaThread "Daemon worker" [_thread_blocked, id=12452, stack(0x000000001cb00000,0x000000001cc00000)]
  0x0000000019ad6000 JavaThread "Daemon" [_thread_blocked, id=20232, stack(0x000000001c800000,0x000000001c900000)]
  0x000000001a5d8800 JavaThread "Daemon periodic checks" [_thread_blocked, id=11692, stack(0x000000001c500000,0x000000001c600000)]
  0x0000000019df5800 JavaThread "Incoming local TCP Connector on port 57718" [_thread_in_native, id=19112, stack(0x000000001c2c0000,0x000000001c3c0000)]
  0x0000000018d45000 JavaThread "Daemon health stats" [_thread_blocked, id=17324, stack(0x000000001bc80000,0x000000001bd80000)]
  0x0000000018caf000 JavaThread "Service Thread" daemon [_thread_blocked, id=21432, stack(0x0000000019080000,0x0000000019180000)]
  0x0000000017373000 JavaThread "C1 CompilerThread2" daemon [_thread_blocked, id=2656, stack(0x0000000018b80000,0x0000000018c80000)]
=>0x000000001732f800 JavaThread "C2 CompilerThread1" daemon [_thread_in_native, id=3540, stack(0x0000000018a80000,0x0000000018b80000)]
  0x0000000017328000 JavaThread "C2 CompilerThread0" daemon [_thread_in_native, id=624, stack(0x0000000018980000,0x0000000018a80000)]
  0x0000000017322000 JavaThread "Attach Listener" daemon [_thread_blocked, id=6644, stack(0x0000000018880000,0x0000000018980000)]
  0x0000000017326800 JavaThread "Signal Dispatcher" daemon [_thread_blocked, id=2976, stack(0x0000000018780000,0x0000000018880000)]
  0x00000000026fb000 JavaThread "Finalizer" daemon [_thread_blocked, id=6452, stack(0x0000000018570000,0x0000000018670000)]
  0x0000000017309000 JavaThread "Reference Handler" daemon [_thread_blocked, id=16856, stack(0x0000000018470000,0x0000000018570000)]
  0x00000000025be800 JavaThread "main" [_thread_blocked, id=16332, stack(0x00000000024a0000,0x00000000025a0000)]

Other Threads:
  0x00000000172e6800 VMThread [stack: 0x0000000018370000,0x0000000018470000] [id=12396]
  0x0000000018cb0000 WatcherThread [stack: 0x0000000019180000,0x0000000019280000] [id=21060]

VM state:not at safepoint (normal execution)

VM Mutex/Monitor currently owned by a thread: None

heap address: 0x0000000080000000, size: 2048 MB, Compressed Oops mode: 32-bit
Narrow klass base: 0x0000000000000000, Narrow klass shift: 3
Compressed class space size: 1073741824 Address: 0x0000000100000000

Heap:
 PSYoungGen      total 197632K, used 2807K [0x00000000d5580000, 0x00000000e3600000, 0x0000000100000000)
  eden space 177152K, 1% used [0x00000000d5580000,0x00000000d583de18,0x00000000e0280000)
  from space 20480K, 0% used [0x00000000e1b80000,0x00000000e1b80000,0x00000000e2f80000)
  to   space 25600K, 0% used [0x00000000e0280000,0x00000000e0280000,0x00000000e1b80000)
 ParOldGen       total 132608K, used 59941K [0x0000000080000000, 0x0000000088180000, 0x00000000d5580000)
  object space 132608K, 45% used [0x0000000080000000,0x0000000083a89708,0x0000000088180000)
 Metaspace       used 93738K, capacity 98178K, committed 98496K, reserved 1136640K
  class space    used 12287K, capacity 13226K, committed 13312K, reserved 1048576K

Card table byte_map: [0x0000000011ac0000,0x0000000011ed0000] byte_map_base: 0x00000000116c0000

Marking Bits: (ParMarkBitMap*) 0x000000006abbf030
 Begin Bits: [0x0000000012580000, 0x0000000014580000)
 End Bits:   [0x0000000014580000, 0x0000000016580000)

Polling page: 0x00000000007f0000

CodeCache: size=245760Kb used=37716Kb max_used=37720Kb free=208043Kb
 bounds [0x0000000002700000, 0x0000000004c10000, 0x0000000011700000]
 total_blobs=12384 nmethods=11410 adapters=886
 compilation: enabled

Compilation events (10 events):
Event: 148.912 Thread 0x000000001732f800 nmethod 13378 0x0000000004bf9550 code [0x0000000004bf96a0, 0x0000000004bf97e8]
Event: 148.928 Thread 0x0000000017328000 13379 %     4       com.sun.org.apache.xerces.internal.impl.io.UTF8Reader::read @ 113 (1443 bytes)
Event: 148.950 Thread 0x0000000017328000 nmethod 13379% 0x0000000004bf7d90 code [0x0000000004bf7ee0, 0x0000000004bf8238]
Event: 148.957 Thread 0x000000001732f800 13380   !   4       com.sun.org.apache.xerces.internal.parsers.XML11Configuration::setProperty (172 bytes)
Event: 148.961 Thread 0x0000000017373000 13381   !   3       java.io.BufferedWriter::close (145 bytes)
Event: 148.963 Thread 0x0000000017373000 nmethod 13381 0x0000000004c007d0 code [0x0000000004c009c0, 0x0000000004c012e8]
Event: 148.984 Thread 0x0000000017328000 13382       4       java.security.MessageDigest$Delegate::clone (62 bytes)
Event: 148.999 Thread 0x0000000017328000 nmethod 13382 0x0000000004bfa690 code [0x0000000004bfa820, 0x0000000004bfada8]
Event: 149.067 Thread 0x0000000017373000 13383       1       java.util.Vector::elementData (7 bytes)
Event: 149.068 Thread 0x0000000017373000 nmethod 13383 0x0000000004c00490 code [0x0000000004c005e0, 0x0000000004c00710]

GC Heap History (10 events):
Event: 65.687 GC heap before
{Heap before GC invocations=22 (full 3):
 PSYoungGen      total 175616K, used 166376K [0x00000000d5580000, 0x00000000e1580000, 0x0000000100000000)
  eden space 157696K, 100% used [0x00000000d5580000,0x00000000def80000,0x00000000def80000)
  from space 17920K, 48% used [0x00000000e0400000,0x00000000e0c7a228,0x00000000e1580000)
  to   space 19456K, 0% used [0x00000000def80000,0x00000000def80000,0x00000000e0280000)
 ParOldGen       total 132608K, used 41290K [0x0000000080000000, 0x0000000088180000, 0x00000000d5580000)
  object space 132608K, 31% used [0x0000000080000000,0x00000000828529e8,0x0000000088180000)
 Metaspace       used 80428K, capacity 84366K, committed 84440K, reserved 1122304K
  class space    used 10917K, capacity 11708K, committed 11776K, reserved 1048576K
Event: 65.721 GC heap after
Heap after GC invocations=22 (full 3):
 PSYoungGen      total 177152K, used 14680K [0x00000000d5580000, 0x00000000e2f80000, 0x0000000100000000)
  eden space 157696K, 0% used [0x00000000d5580000,0x00000000d5580000,0x00000000def80000)
  from space 19456K, 75% used [0x00000000def80000,0x00000000dfdd6018,0x00000000e0280000)
  to   space 20480K, 0% used [0x00000000e1b80000,0x00000000e1b80000,0x00000000e2f80000)
 ParOldGen       total 132608K, used 41298K [0x0000000080000000, 0x0000000088180000, 0x00000000d5580000)
  object space 132608K, 31% used [0x0000000080000000,0x00000000828549e8,0x0000000088180000)
 Metaspace       used 80428K, capacity 84366K, committed 84440K, reserved 1122304K
  class space    used 10917K, capacity 11708K, committed 11776K, reserved 1048576K
}
Event: 126.155 GC heap before
{Heap before GC invocations=23 (full 3):
 PSYoungGen      total 177152K, used 172376K [0x00000000d5580000, 0x00000000e2f80000, 0x0000000100000000)
  eden space 157696K, 100% used [0x00000000d5580000,0x00000000def80000,0x00000000def80000)
  from space 19456K, 75% used [0x00000000def80000,0x00000000dfdd6018,0x00000000e0280000)
  to   space 20480K, 0% used [0x00000000e1b80000,0x00000000e1b80000,0x00000000e2f80000)
 ParOldGen       total 132608K, used 41298K [0x0000000080000000, 0x0000000088180000, 0x00000000d5580000)
  object space 132608K, 31% used [0x0000000080000000,0x00000000828549e8,0x0000000088180000)
 Metaspace       used 86042K, capacity 90218K, committed 90456K, reserved 1128448K
  class space    used 11421K, capacity 12294K, committed 12416K, reserved 1048576K
Event: 126.244 GC heap after
Heap after GC invocations=23 (full 3):
 PSYoungGen      total 197632K, used 20452K [0x00000000d5580000, 0x00000000e3600000, 0x0000000100000000)
  eden space 177152K, 0% used [0x00000000d5580000,0x00000000d5580000,0x00000000e0280000)
  from space 20480K, 99% used [0x00000000e1b80000,0x00000000e2f79200,0x00000000e2f80000)
  to   space 25600K, 0% used [0x00000000e0280000,0x00000000e0280000,0x00000000e1b80000)
 ParOldGen       total 132608K, used 47022K [0x0000000080000000, 0x0000000088180000, 0x00000000d5580000)
  object space 132608K, 35% used [0x0000000080000000,0x0000000082deb9c8,0x0000000088180000)
 Metaspace       used 86042K, capacity 90218K, committed 90456K, reserved 1128448K
  class space    used 11421K, capacity 12294K, committed 12416K, reserved 1048576K
}
Event: 145.402 GC heap before
{Heap before GC invocations=24 (full 3):
 PSYoungGen      total 197632K, used 197604K [0x00000000d5580000, 0x00000000e3600000, 0x0000000100000000)
  eden space 177152K, 100% used [0x00000000d5580000,0x00000000e0280000,0x00000000e0280000)
  from space 20480K, 99% used [0x00000000e1b80000,0x00000000e2f79200,0x00000000e2f80000)
  to   space 25600K, 0% used [0x00000000e0280000,0x00000000e0280000,0x00000000e1b80000)
 ParOldGen       total 132608K, used 47022K [0x0000000080000000, 0x0000000088180000, 0x00000000d5580000)
  object space 132608K, 35% used [0x0000000080000000,0x0000000082deb9c8,0x0000000088180000)
 Metaspace       used 92847K, capacity 97228K, committed 97368K, reserved 1134592K
  class space    used 12186K, capacity 13099K, committed 13184K, reserved 1048576K
Event: 145.550 GC heap after
Heap after GC invocations=24 (full 3):
 PSYoungGen      total 202752K, used 16123K [0x00000000d5580000, 0x00000000e3600000, 0x0000000100000000)
  eden space 177152K, 0% used [0x00000000d5580000,0x00000000d5580000,0x00000000e0280000)
  from space 25600K, 62% used [0x00000000e0280000,0x00000000e123ed00,0x00000000e1b80000)
  to   space 20480K, 0% used [0x00000000e1b80000,0x00000000e1b80000,0x00000000e2f80000)
 ParOldGen       total 132608K, used 55188K [0x0000000080000000, 0x0000000088180000, 0x00000000d5580000)
  object space 132608K, 41% used [0x0000000080000000,0x00000000835e5190,0x0000000088180000)
 Metaspace       used 92847K, capacity 97228K, committed 97368K, reserved 1134592K
  class space    used 12186K, capacity 13099K, committed 13184K, reserved 1048576K
}
Event: 149.084 GC heap before
{Heap before GC invocations=25 (full 3):
 PSYoungGen      total 202752K, used 69600K [0x00000000d5580000, 0x00000000e3600000, 0x0000000100000000)
  eden space 177152K, 30% used [0x00000000d5580000,0x00000000d89b9470,0x00000000e0280000)
  from space 25600K, 62% used [0x00000000e0280000,0x00000000e123ed00,0x00000000e1b80000)
  to   space 20480K, 0% used [0x00000000e1b80000,0x00000000e1b80000,0x00000000e2f80000)
 ParOldGen       total 132608K, used 55188K [0x0000000080000000, 0x0000000088180000, 0x00000000d5580000)
  object space 132608K, 41% used [0x0000000080000000,0x00000000835e5190,0x0000000088180000)
 Metaspace       used 93820K, capacity 98432K, committed 98496K, reserved 1136640K
  class space    used 12311K, capacity 13249K, committed 13312K, reserved 1048576K
Event: 149.119 GC heap after
Heap after GC invocations=25 (full 3):
 PSYoungGen      total 197632K, used 16233K [0x00000000d5580000, 0x00000000e3600000, 0x0000000100000000)
  eden space 177152K, 0% used [0x00000000d5580000,0x00000000d5580000,0x00000000e0280000)
  from space 20480K, 79% used [0x00000000e1b80000,0x00000000e2b5a728,0x00000000e2f80000)
  to   space 25600K, 0% used [0x00000000e0280000,0x00000000e0280000,0x00000000e1b80000)
 ParOldGen       total 132608K, used 55196K [0x0000000080000000, 0x0000000088180000, 0x00000000d5580000)
  object space 132608K, 41% used [0x0000000080000000,0x00000000835e7190,0x0000000088180000)
 Metaspace       used 93820K, capacity 98432K, committed 98496K, reserved 1136640K
  class space    used 12311K, capacity 13249K, committed 13312K, reserved 1048576K
}
Event: 149.119 GC heap before
{Heap before GC invocations=26 (full 4):
 PSYoungGen      total 197632K, used 16233K [0x00000000d5580000, 0x00000000e3600000, 0x0000000100000000)
  eden space 177152K, 0% used [0x00000000d5580000,0x00000000d5580000,0x00000000e0280000)
  from space 20480K, 79% used [0x00000000e1b80000,0x00000000e2b5a728,0x00000000e2f80000)
  to   space 25600K, 0% used [0x00000000e0280000,0x00000000e0280000,0x00000000e1b80000)
 ParOldGen       total 132608K, used 55196K [0x0000000080000000, 0x0000000088180000, 0x00000000d5580000)
  object space 132608K, 41% used [0x0000000080000000,0x00000000835e7190,0x0000000088180000)
 Metaspace       used 93820K, capacity 98432K, committed 98496K, reserved 1136640K
  class space    used 12311K, capacity 13249K, committed 13312K, reserved 1048576K
Event: 150.062 GC heap after
Heap after GC invocations=26 (full 4):
 PSYoungGen      total 197632K, used 0K [0x00000000d5580000, 0x00000000e3600000, 0x0000000100000000)
  eden space 177152K, 0% used [0x00000000d5580000,0x00000000d5580000,0x00000000e0280000)
  from space 20480K, 0% used [0x00000000e1b80000,0x00000000e1b80000,0x00000000e2f80000)
  to   space 25600K, 0% used [0x00000000e0280000,0x00000000e0280000,0x00000000e1b80000)
 ParOldGen       total 132608K, used 59941K [0x0000000080000000, 0x0000000088180000, 0x00000000d5580000)
  object space 132608K, 45% used [0x0000000080000000,0x0000000083a89708,0x0000000088180000)
 Metaspace       used 93716K, capacity 98126K, committed 98496K, reserved 1136640K
  class space    used 12277K, capacity 13188K, committed 13312K, reserved 1048576K
}

Deoptimization events (10 events):
Event: 147.505 Thread 0x000000001adbb000 Uncommon trap: reason=class_check action=maybe_recompile pc=0x000000000467baf4 method=com.sun.org.apache.xerces.internal.impl.XMLEntityManager.setProperty(Ljava/lang/String;Ljava/lang/Object;)V @ 102
Event: 147.507 Thread 0x000000001adb4000 Uncommon trap: reason=class_check action=maybe_recompile pc=0x0000000004a8207c method=com.sun.org.apache.xerces.internal.impl.XMLDocumentFragmentScannerImpl.setProperty(Ljava/lang/String;Ljava/lang/Object;)V @ 73
Event: 147.507 Thread 0x000000001adb4000 Uncommon trap: reason=class_check action=maybe_recompile pc=0x000000000467baf4 method=com.sun.org.apache.xerces.internal.impl.XMLEntityManager.setProperty(Ljava/lang/String;Ljava/lang/Object;)V @ 102
Event: 147.546 Thread 0x000000001adbb000 Uncommon trap: reason=class_check action=maybe_recompile pc=0x0000000004a8207c method=com.sun.org.apache.xerces.internal.impl.XMLDocumentFragmentScannerImpl.setProperty(Ljava/lang/String;Ljava/lang/Object;)V @ 73
Event: 147.546 Thread 0x000000001adbb000 Uncommon trap: reason=class_check action=maybe_recompile pc=0x000000000467baf4 method=com.sun.org.apache.xerces.internal.impl.XMLEntityManager.setProperty(Ljava/lang/String;Ljava/lang/Object;)V @ 102
Event: 148.727 Thread 0x000000002303e000 Uncommon trap: reason=class_check action=maybe_recompile pc=0x0000000004b9bb2c method=java.util.zip.InflaterInputStream.fill()V @ 19
Event: 148.728 Thread 0x000000002303e000 Uncommon trap: reason=class_check action=maybe_recompile pc=0x0000000004b9bb2c method=java.util.zip.InflaterInputStream.fill()V @ 19
Event: 148.728 Thread 0x000000002303e000 Uncommon trap: reason=class_check action=maybe_recompile pc=0x0000000004b9bb2c method=java.util.zip.InflaterInputStream.fill()V @ 19
Event: 148.871 Thread 0x000000002303e000 Uncommon trap: reason=class_check action=maybe_recompile pc=0x0000000004b9bb2c method=java.util.zip.InflaterInputStream.fill()V @ 19
Event: 149.078 Thread 0x000000002303e000 Uncommon trap: reason=unstable_if action=reinterpret pc=0x0000000002872a50 method=java.util.stream.StreamOpFlag.getMask(I)I @ 1

Classes redefined (0 events):
No events

Internal exceptions (10 events):
Event: 145.972 Thread 0x0000000019e74000 Exception <a 'java/lang/NoSuchMethodError': <clinit>> (0x00000000d6025588) thrown at [C:\src\AOSP-openjdk-git\hotspot\src\share\vm\prims\jni.cpp, line 1615]
Event: 145.985 Thread 0x000000002303e000 Exception <a 'sun/nio/fs/WindowsException'> (0x00000000d6373aa0) thrown at [C:\src\AOSP-openjdk-git\hotspot\src\share\vm\prims\jni.cpp, line 710]
Event: 145.997 Thread 0x000000002303e000 Exception <a 'java/lang/NoSuchMethodError': java.lang.Object.lambda$asRunnable$0(Lcom/android/tools/build/apkzlib/utils/IOExceptionRunnable;)V> (0x00000000d63afb50) thrown at [C:\src\AOSP-openjdk-git\hotspot\src\share\vm\interpreter\linkResolver.cpp, line
Event: 146.148 Thread 0x000000002303e000 Exception <a 'java/lang/NoSuchMethodError': java.lang.Object.newSystemTemporaryDirectory()Lcom/android/tools/build/apkzlib/bytestorage/TemporaryDirectory;> (0x00000000d64fb720) thrown at [C:\src\AOSP-openjdk-git\hotspot\src\share\vm\interpreter\linkResolv
Event: 146.341 Thread 0x0000000018e7c800 Exception <a 'java/lang/NoSuchMethodError': java.lang.Object.lambda$comparingInt$7b0bb60$1(Ljava/util/function/ToIntFunction;Ljava/lang/Object;Ljava/lang/Object;)I> (0x00000000d6705b68) thrown at [C:\src\AOSP-openjdk-git\hotspot\src\share\vm\interpreter\l
Event: 147.440 Thread 0x000000001ae09000 Exception <a 'java/lang/NoSuchMethodError': <clinit>> (0x00000000d74cf640) thrown at [C:\src\AOSP-openjdk-git\hotspot\src\share\vm\prims\jni.cpp, line 1615]
Event: 147.440 Thread 0x000000001ae09000 Exception <a 'java/lang/NoSuchMethodError': <clinit>> (0x00000000d74d0ff0) thrown at [C:\src\AOSP-openjdk-git\hotspot\src\share\vm\prims\jni.cpp, line 1615]
Event: 147.441 Thread 0x000000001ae09000 Exception <a 'java/lang/NoSuchMethodError': <clinit>> (0x00000000d74d7128) thrown at [C:\src\AOSP-openjdk-git\hotspot\src\share\vm\prims\jni.cpp, line 1615]
Event: 147.443 Thread 0x000000001ae09000 Exception <a 'java/lang/NoSuchMethodError': <clinit>> (0x00000000d74ebf18) thrown at [C:\src\AOSP-openjdk-git\hotspot\src\share\vm\prims\jni.cpp, line 1615]
Event: 147.443 Thread 0x000000001ae09000 Exception <a 'java/lang/NoSuchMethodError': <clinit>> (0x00000000d74ed238) thrown at [C:\src\AOSP-openjdk-git\hotspot\src\share\vm\prims\jni.cpp, line 1615]

Events (10 events):
Event: 149.081 loading class com/google/common/collect/ImmutableMap$Builder
Event: 149.081 loading class com/google/common/collect/ImmutableMap$Builder done
Event: 149.081 loading class com/android/builder/files/RelativeFile
Event: 149.081 loading class com/android/builder/files/RelativeFile done
Event: 149.081 loading class com/google/common/collect/ImmutableMap$Builder
Event: 149.081 loading class com/google/common/collect/ImmutableMap$Builder done
Event: 149.083 loading class com/google/common/collect/IndexedImmutableSet
Event: 149.083 loading class com/google/common/collect/IndexedImmutableSet done
Event: 149.084 Executing VM operation: CollectForMetadataAllocation
Event: 150.062 Executing VM operation: CollectForMetadataAllocation done


Dynamic libraries:
0x00007ff602760000 - 0x00007ff602791000 	C:\Program Files\Android\Android Studio\jre\bin\java.exe
0x00007ffecd4a0000 - 0x00007ffecd690000 	C:\WINDOWS\SYSTEM32\ntdll.dll
0x00007ffeaf380000 - 0x00007ffeaf392000 	C:\Program Files\AVG\Antivirus\aswhook.dll
0x00007ffecc000000 - 0x00007ffecc0b2000 	C:\WINDOWS\System32\KERNEL32.DLL
0x00007ffecb080000 - 0x00007ffecb325000 	C:\WINDOWS\System32\KERNELBASE.dll
0x00007ffecd110000 - 0x00007ffecd1b3000 	C:\WINDOWS\System32\ADVAPI32.dll
0x00007ffecbf20000 - 0x00007ffecbfbe000 	C:\WINDOWS\System32\msvcrt.dll
0x00007ffecc460000 - 0x00007ffecc4f7000 	C:\WINDOWS\System32\sechost.dll
0x00007ffecbe00000 - 0x00007ffecbf20000 	C:\WINDOWS\System32\RPCRT4.dll
0x00007ffecce30000 - 0x00007ffeccfc4000 	C:\WINDOWS\System32\USER32.dll
0x00007ffecaff0000 - 0x00007ffecb011000 	C:\WINDOWS\System32\win32u.dll
0x00007ffecd1c0000 - 0x00007ffecd1e6000 	C:\WINDOWS\System32\GDI32.dll
0x00007ffecadb0000 - 0x00007ffecaf46000 	C:\WINDOWS\System32\gdi32full.dll
0x00007ffecaf50000 - 0x00007ffecafee000 	C:\WINDOWS\System32\msvcp_win.dll
0x00007ffeca430000 - 0x00007ffeca52a000 	C:\WINDOWS\System32\ucrtbase.dll
0x00007ffebb150000 - 0x00007ffebb3d4000 	C:\WINDOWS\WinSxS\amd64_microsoft.windows.common-controls_6595b64144ccf1df_6.0.18362.1139_none_9e7bf2d3e4605ac6\COMCTL32.dll
0x00007ffecc0c0000 - 0x00007ffecc3f5000 	C:\WINDOWS\System32\combase.dll
0x00007ffeca530000 - 0x00007ffeca5b0000 	C:\WINDOWS\System32\bcryptPrimitives.dll
0x00007ffecbfc0000 - 0x00007ffecbfee000 	C:\WINDOWS\System32\IMM32.DLL
0x000000006a230000 - 0x000000006a302000 	C:\Program Files\Android\Android Studio\jre\jre\bin\msvcr100.dll
0x000000006a3f0000 - 0x000000006ac3b000 	C:\Program Files\Android\Android Studio\jre\jre\bin\server\jvm.dll
0x00007ffecbff0000 - 0x00007ffecbff8000 	C:\WINDOWS\System32\PSAPI.DLL
0x00007ffeba470000 - 0x00007ffeba479000 	C:\WINDOWS\SYSTEM32\WSOCK32.dll
0x00007ffecd0a0000 - 0x00007ffecd10f000 	C:\WINDOWS\System32\WS2_32.dll
0x00007ffec7e40000 - 0x00007ffec7e64000 	C:\WINDOWS\SYSTEM32\WINMM.dll
0x00007ffebf660000 - 0x00007ffebf66a000 	C:\WINDOWS\SYSTEM32\VERSION.dll
0x00007ffec7e10000 - 0x00007ffec7e3d000 	C:\WINDOWS\SYSTEM32\WINMMBASE.dll
0x00007ffeca5e0000 - 0x00007ffeca62a000 	C:\WINDOWS\System32\cfgmgr32.dll
0x00007ffeb4cb0000 - 0x00007ffeb4cbf000 	C:\Program Files\Android\Android Studio\jre\jre\bin\verify.dll
0x00007ffeb2480000 - 0x00007ffeb24a9000 	C:\Program Files\Android\Android Studio\jre\jre\bin\java.dll
0x00007ffeb2380000 - 0x00007ffeb2396000 	C:\Program Files\Android\Android Studio\jre\jre\bin\zip.dll
0x00007ffecb6f0000 - 0x00007ffecbdd7000 	C:\WINDOWS\System32\SHELL32.dll
0x00007ffecd270000 - 0x00007ffecd319000 	C:\WINDOWS\System32\shcore.dll
0x00007ffeca630000 - 0x00007ffecadb0000 	C:\WINDOWS\System32\windows.storage.dll
0x00007ffeca370000 - 0x00007ffeca393000 	C:\WINDOWS\System32\profapi.dll
0x00007ffeca3e0000 - 0x00007ffeca42a000 	C:\WINDOWS\System32\powrprof.dll
0x00007ffeca360000 - 0x00007ffeca370000 	C:\WINDOWS\System32\UMPDC.dll
0x00007ffecb600000 - 0x00007ffecb652000 	C:\WINDOWS\System32\shlwapi.dll
0x00007ffeca3c0000 - 0x00007ffeca3d1000 	C:\WINDOWS\System32\kernel.appcore.dll
0x00007ffecb530000 - 0x00007ffecb547000 	C:\WINDOWS\System32\cryptsp.dll
0x00007ffeb2360000 - 0x00007ffeb237a000 	C:\Program Files\Android\Android Studio\jre\jre\bin\net.dll
0x00007ffec9b50000 - 0x00007ffec9bb7000 	C:\WINDOWS\system32\mswsock.dll
0x00007ffeb2180000 - 0x00007ffeb2193000 	C:\Program Files\Android\Android Studio\jre\jre\bin\nio.dll
0x00007ffea3150000 - 0x00007ffea3177000 	C:\Users\Renzo\.gradle\native\f6784746aeab05261644944871eae4fe03e0ef1612fff0a4a95f87b438bc6780\windows-amd64\native-platform.dll
0x00007ffeb2200000 - 0x00007ffeb220d000 	C:\Program Files\Android\Android Studio\jre\jre\bin\management.dll
0x00007ffec96c0000 - 0x00007ffec96f3000 	C:\WINDOWS\system32\rsaenh.dll
0x00007ffeca5b0000 - 0x00007ffeca5d6000 	C:\WINDOWS\System32\bcrypt.dll
0x00007ffeca280000 - 0x00007ffeca2a5000 	C:\WINDOWS\SYSTEM32\USERENV.dll
0x00007ffec9d20000 - 0x00007ffec9d2c000 	C:\WINDOWS\SYSTEM32\CRYPTBASE.dll
0x00007ffec9860000 - 0x00007ffec989a000 	C:\WINDOWS\SYSTEM32\IPHLPAPI.DLL
0x00007ffecb6e0000 - 0x00007ffecb6e8000 	C:\WINDOWS\System32\NSI.dll
0x00007ffebe940000 - 0x00007ffebe956000 	C:\WINDOWS\SYSTEM32\dhcpcsvc6.DLL
0x00007ffebeb50000 - 0x00007ffebeb6c000 	C:\WINDOWS\SYSTEM32\dhcpcsvc.DLL
0x00007ffec98a0000 - 0x00007ffec996b000 	C:\WINDOWS\SYSTEM32\DNSAPI.dll
0x00007ffebf690000 - 0x00007ffebf69b000 	C:\WINDOWS\SYSTEM32\WINNSI.DLL
0x00007ffec93a0000 - 0x00007ffec93d1000 	C:\WINDOWS\SYSTEM32\ntmarta.dll
0x00007ffe94a10000 - 0x00007ffe94bac000 	C:\Program Files\Android\Android Studio\jre\jre\bin\awt.dll
0x00007ffeccfd0000 - 0x00007ffecd095000 	C:\WINDOWS\System32\OLEAUT32.dll
0x00007ffec85c0000 - 0x00007ffec85ed000 	C:\WINDOWS\SYSTEM32\dwmapi.dll
0x00007ffec6c80000 - 0x00007ffec7240000 	C:\WINDOWS\SYSTEM32\d2d1.dll
0x00007ffec7f70000 - 0x00007ffec7fff000 	C:\WINDOWS\SYSTEM32\apphelp.dll
0x00007ffec8190000 - 0x00007ffec8229000 	C:\WINDOWS\system32\uxtheme.dll

VM Arguments:
jvm_args: -Xmx2048m -Dfile.encoding=UTF-8 -Duser.country=US -Duser.language=en -Duser.variant 
java_command: org.gradle.launcher.daemon.bootstrap.GradleDaemon 6.5
java_class_path (initial): C:\Users\Renzo\.gradle\wrapper\dists\gradle-6.5-bin\6nifqtx7604sqp1q6g8wikw7p\gradle-6.5\lib\gradle-launcher-6.5.jar
Launcher Type: SUN_STANDARD

Environment Variables:
PATH=C:\Users\Renzo\.IdeaIC2019.2\system\tmp\patch-update\jre\bin;C:\ProgramData\Oracle\Java\javapath;C:\WINDOWS\system32;C:\WINDOWS;C:\WINDOWS\System32\Wbem;C:\WINDOWS\System32\WindowsPowerShell\v1.0\;C:\Program Files\Intel\WiFi\bin\;C:\Program Files\Common Files\Intel\WirelessCommon\;C:\Program Files (x86)\PharosSystems\Core;C:\Program Files\dotnet\;C:\WINDOWS\System32\OpenSSH\;C:\Program Files\PuTTY\;C:\Program Files\Git\cmd;C:\ProgramData\chocolatey\bin;C:\Users\Renzo\.IdeaIC2019.2\system\tmp\patch-update\jre\bin;C:\Mingw-w64\mingw32\bin;C:\Users\Renzo\AppData\Local\Programs\Microsoft VS Code\bin;C:\Users\Renzo\AppData\Local\Microsoft\WindowsApps;C:\Users\Renzo\AppData\Local\Box\Box Edit\
USERNAME=Renzo
OS=Windows_NT
PROCESSOR_IDENTIFIER=Intel64 Family 6 Model 78 Stepping 3, GenuineIntel



---------------  S Y S T E M  ---------------

OS: Windows 10.0 , 64 bit Build 18362 (10.0.18362.1110)

CPU:total 4 (initial active 4) (2 cores per cpu, 2 threads per core) family 6 model 78 stepping 3, cmov, cx8, fxsr, mmx, sse, sse2, sse3, ssse3, sse4.1, sse4.2, popcnt, avx, avx2, aes, clmul, erms, 3dnowpref, lzcnt, ht, tsc, tscinvbit, bmi1, bmi2, adx

Memory: 4k page, physical 8238856k(531904k free), swap 10185480k(0k free)

vm_info: OpenJDK 64-Bit Server VM (25.242-b01) for windows-amd64 JRE (1.8.0_242-release-1644-b01), built by "builder" with MS VC++ 10.0 (VS2010)

time: Fri Nov 06 13:18:24 2020
timezone: Mountain Standard Time
elapsed time: 150 seconds (0d 0h 2m 30s)

