#
# There is insufficient memory for the Java Runtime Environment to continue.
# Native memory allocation (malloc) failed to allocate 1492816 bytes for Chunk::new
# Possible reasons:
#   The system is out of physical RAM or swap space
#   The process is running with CompressedOops enabled, and the Java Heap may be blocking the growth of the native heap
# Possible solutions:
#   Reduce memory load on the system
#   Increase physical memory or swap space
#   Check if swap backing store is full
#   Decrease Java heap size (-Xmx/-Xms)
#   Decrease number of Java threads
#   Decrease Java thread stack sizes (-Xss)
#   Set larger code cache with -XX:ReservedCodeCacheSize=
#   JVM is running with Unscaled Compressed Oops mode in which the Java heap is
#     placed in the first 4GB address space. The Java Heap base address is the
#     maximum limit for the native heap growth. Please use -XX:HeapBaseMinAddress
#     to set the Java Heap base and to place the Java Heap above 4GB virtual address.
# This output file may be truncated or incomplete.
#
#  Out of Memory Error (allocation.cpp:389), pid=19780, tid=0x0000000000005078
#
# JRE version: OpenJDK Runtime Environment (8.0_242-b01) (build 1.8.0_242-release-1644-b01)
# Java VM: OpenJDK 64-Bit Server VM (25.242-b01 mixed mode windows-amd64 compressed oops)
# Failed to write core dump. Minidumps are not enabled by default on client versions of Windows
#

---------------  T H R E A D  ---------------

Current thread (0x00000000177b8000):  JavaThread "C2 CompilerThread0" daemon [_thread_in_native, id=20600, stack(0x0000000018e30000,0x0000000018f30000)]

Stack: [0x0000000018e30000,0x0000000018f30000]
[error occurred during error reporting (printing stack bounds), id 0xc0000005]

Native frames: (J=compiled Java code, j=interpreted, Vv=VM code, C=native code)


Current CompileTask:
C2: 103494 13118       4       com.android.tools.r8.dex.r::a (561 bytes)


---------------  P R O C E S S  ---------------

Java Threads: ( => current thread )
  0x000000001f340800 JavaThread "ForkJoinPool-1-worker-0" daemon [_thread_blocked, id=20588, stack(0x000000002c880000,0x000000002c980000)]
  0x000000001fb15000 JavaThread "ForkJoinPool-1-worker-3" daemon [_thread_in_Java, id=14712, stack(0x000000002c780000,0x000000002c880000)]
  0x000000001fb1a800 JavaThread "ForkJoinPool-1-worker-1" daemon [_thread_blocked, id=13168, stack(0x000000002c580000,0x000000002c680000)]
  0x000000001fb16000 JavaThread "WorkerExecutor Queue Thread 5" [_thread_blocked, id=20568, stack(0x000000002ba40000,0x000000002bb40000)]
  0x000000001fb19800 JavaThread "WorkerExecutor Queue Thread 4" [_thread_blocked, id=2704, stack(0x000000002b940000,0x000000002ba40000)]
  0x000000001fb16800 JavaThread "WorkerExecutor Queue Thread 3" [_thread_blocked, id=11492, stack(0x000000002b840000,0x000000002b940000)]
  0x000000001dc81000 JavaThread "Cache worker for Java compile cache (C:\Users\Renzo\AndroidStudioProjects\MyFamilyMap\.gradle\6.5\javaCompile)" [_thread_blocked, id=18704, stack(0x000000002ae40000,0x000000002af40000)]
  0x000000001a916800 JavaThread "Cache worker for Java compile cache (C:\Users\Renzo\.gradle\caches\6.5\javaCompile)" [_thread_blocked, id=4212, stack(0x000000002a740000,0x000000002a840000)]
  0x000000001a912800 JavaThread "stdout" [_thread_in_native, id=1084, stack(0x000000002ab40000,0x000000002ac40000)]
  0x000000001a915000 JavaThread "stderr" [_thread_in_native, id=5268, stack(0x000000002aa40000,0x000000002ab40000)]
  0x000000001a915800 JavaThread "pool-2-thread-1" [_thread_blocked, id=21476, stack(0x000000002a940000,0x000000002aa40000)]
  0x000000001a917000 JavaThread "WorkerExecutor Queue Thread 2" [_thread_blocked, id=5900, stack(0x000000002a840000,0x000000002a940000)]
  0x000000001a910800 JavaThread "Cache worker for execution history cache (C:\Users\Renzo\AndroidStudioProjects\MyFamilyMap\.gradle\6.5\executionHistory)" [_thread_blocked, id=14040, stack(0x0000000029f40000,0x000000002a040000)]
  0x000000001a90d000 JavaThread "Execution worker for ':' Thread 3" [_thread_blocked, id=12100, stack(0x0000000029e40000,0x0000000029f40000)]
  0x000000001a90c800 JavaThread "Execution worker for ':' Thread 2" [_thread_blocked, id=19628, stack(0x0000000029d40000,0x0000000029e40000)]
  0x000000001a90b800 JavaThread "Execution worker for ':'" [_thread_blocked, id=20972, stack(0x0000000029c40000,0x0000000029d40000)]
  0x000000001a908800 JavaThread "Cache worker for file content cache (C:\Users\Renzo\AndroidStudioProjects\MyFamilyMap\.gradle\6.5\fileContent)" [_thread_blocked, id=10512, stack(0x0000000029740000,0x0000000029840000)]
  0x000000001a909800 JavaThread "Memory manager" [_thread_blocked, id=7340, stack(0x0000000029640000,0x0000000029740000)]
  0x000000001dc83000 JavaThread "pool-1-thread-1" [_thread_blocked, id=20848, stack(0x0000000027770000,0x0000000027870000)]
  0x000000001dc80000 JavaThread "Cache worker for Build Output Cleanup Cache (C:\Users\Renzo\AndroidStudioProjects\MyFamilyMap\.gradle\buildOutputCleanup)" [_thread_blocked, id=19604, stack(0x0000000027470000,0x0000000027570000)]
  0x000000001e33b000 JavaThread "Build operations Thread 4" [_thread_blocked, id=7092, stack(0x0000000021570000,0x0000000021670000)]
  0x000000001e33c000 JavaThread "Build operations Thread 3" [_thread_blocked, id=13028, stack(0x0000000021470000,0x0000000021570000)]
  0x000000001e334800 JavaThread "Build operations Thread 2" [_thread_blocked, id=13988, stack(0x0000000021370000,0x0000000021470000)]
  0x000000001e339800 JavaThread "Build operations" [_thread_blocked, id=20932, stack(0x0000000021270000,0x0000000021370000)]
  0x000000001e332000 JavaThread "Cache worker for file content cache (C:\Users\Renzo\.gradle\caches\6.5\fileContent)" [_thread_blocked, id=15452, stack(0x0000000020b70000,0x0000000020c70000)]
  0x0000000019045800 JavaThread "Cache worker for execution history cache (C:\Users\Renzo\.gradle\caches\6.5\executionHistory)" [_thread_blocked, id=19296, stack(0x0000000020370000,0x0000000020470000)]
  0x0000000019042000 JavaThread "Cache worker for cache directory md-rule (C:\Users\Renzo\.gradle\caches\6.5\md-rule)" [_thread_blocked, id=18188, stack(0x0000000020270000,0x0000000020370000)]
  0x0000000019045000 JavaThread "Cache worker for cache directory md-supplier (C:\Users\Renzo\.gradle\caches\6.5\md-supplier)" [_thread_blocked, id=18520, stack(0x0000000020170000,0x0000000020270000)]
  0x0000000019044000 JavaThread "Cache worker for checksums cache (C:\Users\Renzo\AndroidStudioProjects\MyFamilyMap\.gradle\checksums)" [_thread_blocked, id=756, stack(0x000000001fda0000,0x000000001fea0000)]
  0x0000000019041000 JavaThread "Cache worker for file hash cache (C:\Users\Renzo\AndroidStudioProjects\MyFamilyMap\.gradle\6.5\fileHashes)" [_thread_blocked, id=20440, stack(0x000000001ea20000,0x000000001eb20000)]
  0x0000000019043800 JavaThread "Cache worker for file hash cache (C:\Users\Renzo\.gradle\caches\6.5\fileHashes)" [_thread_blocked, id=19028, stack(0x000000001d750000,0x000000001d850000)]
  0x0000000019047000 JavaThread "File lock request listener" [_thread_in_native, id=8144, stack(0x000000001d650000,0x000000001d750000)]
  0x0000000019040800 JavaThread "Cache worker for journal cache (C:\Users\Renzo\.gradle\caches\journal-1)" [_thread_blocked, id=20896, stack(0x000000001d550000,0x000000001d650000)]
  0x0000000019d47800 JavaThread "Thread-9" [_thread_blocked, id=13948, stack(0x000000001d250000,0x000000001d350000)]
  0x000000001aa7e000 JavaThread "Asynchronous log dispatcher for DefaultDaemonConnection: socket connection from /127.0.0.1:58048 to /127.0.0.1:58049" [_thread_blocked, id=20324, stack(0x000000001d050000,0x000000001d150000)]
  0x0000000019caa800 JavaThread "Daemon worker" [_thread_blocked, id=15320, stack(0x000000001cf50000,0x000000001d050000)]
  0x0000000019ca7800 JavaThread "Cancel handler" [_thread_blocked, id=10580, stack(0x000000001ce50000,0x000000001cf50000)]
  0x0000000019139000 JavaThread "Handler for socket connection from /127.0.0.1:58048 to /127.0.0.1:58049" [_thread_in_native, id=20636, stack(0x000000001cd50000,0x000000001ce50000)]
  0x000000001a3b2800 JavaThread "Daemon" [_thread_blocked, id=15872, stack(0x000000001cc50000,0x000000001cd50000)]
  0x000000001a352000 JavaThread "Daemon periodic checks" [_thread_blocked, id=14216, stack(0x000000001c950000,0x000000001ca50000)]
  0x000000001a394800 JavaThread "Incoming local TCP Connector on port 58048" [_thread_in_native, id=18984, stack(0x000000001c710000,0x000000001c810000)]
  0x00000000190ff000 JavaThread "Daemon health stats" [_thread_blocked, id=1916, stack(0x000000001c0d0000,0x000000001c1d0000)]
  0x000000001780e000 JavaThread "Service Thread" daemon [_thread_blocked, id=16176, stack(0x0000000019530000,0x0000000019630000)]
  0x0000000019042800 JavaThread "C1 CompilerThread2" daemon [_thread_blocked, id=6100, stack(0x0000000019430000,0x0000000019530000)]
  0x00000000177e2800 JavaThread "C2 CompilerThread1" daemon [_thread_in_native, id=15436, stack(0x0000000018f30000,0x0000000019030000)]
=>0x00000000177b8000 JavaThread "C2 CompilerThread0" daemon [_thread_in_native, id=20600, stack(0x0000000018e30000,0x0000000018f30000)]
  0x00000000177b2800 JavaThread "Attach Listener" daemon [_thread_blocked, id=5664, stack(0x0000000018d30000,0x0000000018e30000)]
  0x00000000177b7000 JavaThread "Signal Dispatcher" daemon [_thread_blocked, id=20900, stack(0x0000000018c30000,0x0000000018d30000)]
  0x0000000002b8b000 JavaThread "Finalizer" daemon [_thread_blocked, id=20696, stack(0x0000000018a20000,0x0000000018b20000)]
  0x0000000017799000 JavaThread "Reference Handler" daemon [_thread_blocked, id=11720, stack(0x0000000018920000,0x0000000018a20000)]
  0x0000000002a7e000 JavaThread "main" [_thread_blocked, id=1380, stack(0x0000000002910000,0x0000000002a10000)]

Other Threads:
  0x0000000017777800 VMThread [stack: 0x0000000018820000,0x0000000018920000] [id=7536]
  0x000000001906a000 WatcherThread [stack: 0x0000000019630000,0x0000000019730000] [id=20572]

VM state:not at safepoint (normal execution)

VM Mutex/Monitor currently owned by a thread: None

heap address: 0x0000000080000000, size: 2048 MB, Compressed Oops mode: 32-bit
Narrow klass base: 0x0000000000000000, Narrow klass shift: 3
Compressed class space size: 1073741824 Address: 0x0000000100000000

Heap:
 PSYoungGen      total 334848K, used 86858K [0x00000000d5580000, 0x00000000f4400000, 0x0000000100000000)
  eden space 307712K, 21% used [0x00000000d5580000,0x00000000d94de550,0x00000000e8200000)
  from space 27136K, 80% used [0x00000000e8200000,0x00000000e97744a0,0x00000000e9c80000)
  to   space 50176K, 0% used [0x00000000f1300000,0x00000000f1300000,0x00000000f4400000)
 ParOldGen       total 96768K, used 96273K [0x0000000080000000, 0x0000000085e80000, 0x00000000d5580000)
  object space 96768K, 99% used [0x0000000080000000,0x0000000085e04690,0x0000000085e80000)
 Metaspace       used 85422K, capacity 89716K, committed 90072K, reserved 1126400K
  class space    used 11658K, capacity 12483K, committed 12544K, reserved 1048576K

Card table byte_map: [0x0000000011f50000,0x0000000012360000] byte_map_base: 0x0000000011b50000

Marking Bits: (ParMarkBitMap*) 0x0000000050fcf030
 Begin Bits: [0x0000000012a10000, 0x0000000014a10000)
 End Bits:   [0x0000000014a10000, 0x0000000016a10000)

Polling page: 0x0000000002a10000

CodeCache: size=245760Kb used=36635Kb max_used=36635Kb free=209124Kb
 bounds [0x0000000002b90000, 0x0000000004f90000, 0x0000000011b90000]
 total_blobs=12103 nmethods=11246 adapters=769
 compilation: enabled

Compilation events (10 events):
Event: 103.446 Thread 0x0000000019042800 13207       2       com.android.tools.r8.graph.U0::d (6 bytes)
Event: 103.446 Thread 0x0000000019042800 nmethod 13207 0x0000000004f7e4d0 code [0x0000000004f7e620, 0x0000000004f7e770]
Event: 103.446 Thread 0x0000000019042800 13208       2       com.android.tools.r8.graph.U0::c (6 bytes)
Event: 103.447 Thread 0x0000000019042800 nmethod 13208 0x0000000004f7e810 code [0x0000000004f7e960, 0x0000000004f7eab0]
Event: 103.449 Thread 0x0000000019042800 13209       2       com.android.tools.r8.dex.r::b (181 bytes)
Event: 103.451 Thread 0x0000000019042800 nmethod 13209 0x0000000004f7eb50 code [0x0000000004f7edc0, 0x0000000004f7f338]
Event: 103.457 Thread 0x0000000019042800 13210       2       java.util.TimSort::minRunLength (43 bytes)
Event: 103.458 Thread 0x0000000019042800 nmethod 13210 0x0000000004f7fad0 code [0x0000000004f7fc20, 0x0000000004f7fdb0]
Event: 103.458 Thread 0x0000000019042800 13211       2       java.util.TimSort::mergeForceCollapse (50 bytes)
Event: 103.459 Thread 0x0000000019042800 nmethod 13211 0x0000000004f7fe50 code [0x0000000004f7ffc0, 0x0000000004f80208]

GC Heap History (10 events):
Event: 43.364 GC heap before
{Heap before GC invocations=15 (full 3):
 PSYoungGen      total 251392K, used 608K [0x00000000d5580000, 0x00000000e8800000, 0x0000000100000000)
  eden space 231424K, 0% used [0x00000000d5580000,0x00000000d5580000,0x00000000e3780000)
  from space 19968K, 3% used [0x00000000e4b80000,0x00000000e4c18000,0x00000000e5f00000)
  to   space 20480K, 0% used [0x00000000e3780000,0x00000000e3780000,0x00000000e4b80000)
 ParOldGen       total 67584K, used 41342K [0x0000000080000000, 0x0000000084200000, 0x00000000d5580000)
  object space 67584K, 61% used [0x0000000080000000,0x000000008285f810,0x0000000084200000)
 Metaspace       used 56559K, capacity 58882K, committed 59028K, reserved 1099776K
  class space    used 7744K, capacity 8227K, committed 8320K, reserved 1048576K
Event: 44.057 GC heap after
Heap after GC invocations=15 (full 3):
 PSYoungGen      total 251392K, used 0K [0x00000000d5580000, 0x00000000e8800000, 0x0000000100000000)
  eden space 231424K, 0% used [0x00000000d5580000,0x00000000d5580000,0x00000000e3780000)
  from space 19968K, 0% used [0x00000000e4b80000,0x00000000e4b80000,0x00000000e5f00000)
  to   space 20480K, 0% used [0x00000000e3780000,0x00000000e3780000,0x00000000e4b80000)
 ParOldGen       total 96768K, used 29144K [0x0000000080000000, 0x0000000085e80000, 0x00000000d5580000)
  object space 96768K, 30% used [0x0000000080000000,0x0000000081c763b0,0x0000000085e80000)
 Metaspace       used 56547K, capacity 58840K, committed 59028K, reserved 1099776K
  class space    used 7741K, capacity 8220K, committed 8320K, reserved 1048576K
}
Event: 52.821 GC heap before
{Heap before GC invocations=16 (full 3):
 PSYoungGen      total 251392K, used 231424K [0x00000000d5580000, 0x00000000e8800000, 0x0000000100000000)
  eden space 231424K, 100% used [0x00000000d5580000,0x00000000e3780000,0x00000000e3780000)
  from space 19968K, 0% used [0x00000000e4b80000,0x00000000e4b80000,0x00000000e5f00000)
  to   space 20480K, 0% used [0x00000000e3780000,0x00000000e3780000,0x00000000e4b80000)
 ParOldGen       total 96768K, used 29144K [0x0000000080000000, 0x0000000085e80000, 0x00000000d5580000)
  object space 96768K, 30% used [0x0000000080000000,0x0000000081c763b0,0x0000000085e80000)
 Metaspace       used 66771K, capacity 69758K, committed 69976K, reserved 1110016K
  class space    used 9173K, capacity 9733K, committed 9856K, reserved 1048576K
Event: 52.871 GC heap after
Heap after GC invocations=16 (full 3):
 PSYoungGen      total 251904K, used 20453K [0x00000000d5580000, 0x00000000eb680000, 0x0000000100000000)
  eden space 231424K, 0% used [0x00000000d5580000,0x00000000d5580000,0x00000000e3780000)
  from space 20480K, 99% used [0x00000000e3780000,0x00000000e4b79560,0x00000000e4b80000)
  to   space 24064K, 0% used [0x00000000e9f00000,0x00000000e9f00000,0x00000000eb680000)
 ParOldGen       total 96768K, used 30359K [0x0000000080000000, 0x0000000085e80000, 0x00000000d5580000)
  object space 96768K, 31% used [0x0000000080000000,0x0000000081da5ec8,0x0000000085e80000)
 Metaspace       used 66771K, capacity 69758K, committed 69976K, reserved 1110016K
  class space    used 9173K, capacity 9733K, committed 9856K, reserved 1048576K
}
Event: 72.887 GC heap before
{Heap before GC invocations=17 (full 3):
 PSYoungGen      total 251904K, used 251877K [0x00000000d5580000, 0x00000000eb680000, 0x0000000100000000)
  eden space 231424K, 100% used [0x00000000d5580000,0x00000000e3780000,0x00000000e3780000)
  from space 20480K, 99% used [0x00000000e3780000,0x00000000e4b79560,0x00000000e4b80000)
  to   space 24064K, 0% used [0x00000000e9f00000,0x00000000e9f00000,0x00000000eb680000)
 ParOldGen       total 96768K, used 30359K [0x0000000080000000, 0x0000000085e80000, 0x00000000d5580000)
  object space 96768K, 31% used [0x0000000080000000,0x0000000081da5ec8,0x0000000085e80000)
 Metaspace       used 75275K, capacity 78642K, committed 78936K, reserved 1118208K
  class space    used 10177K, capacity 10828K, committed 10880K, reserved 1048576K
Event: 73.244 GC heap after
Heap after GC invocations=17 (full 3):
 PSYoungGen      total 331776K, used 20630K [0x00000000d5580000, 0x00000000eb700000, 0x0000000100000000)
  eden space 307712K, 0% used [0x00000000d5580000,0x00000000d5580000,0x00000000e8200000)
  from space 24064K, 85% used [0x00000000e9f00000,0x00000000eb325890,0x00000000eb680000)
  to   space 27136K, 0% used [0x00000000e8200000,0x00000000e8200000,0x00000000e9c80000)
 ParOldGen       total 96768K, used 43580K [0x0000000080000000, 0x0000000085e80000, 0x00000000d5580000)
  object space 96768K, 45% used [0x0000000080000000,0x0000000082a8f3d8,0x0000000085e80000)
 Metaspace       used 75275K, capacity 78642K, committed 78936K, reserved 1118208K
  class space    used 10177K, capacity 10828K, committed 10880K, reserved 1048576K
}
Event: 96.353 GC heap before
{Heap before GC invocations=18 (full 3):
 PSYoungGen      total 331776K, used 328342K [0x00000000d5580000, 0x00000000eb700000, 0x0000000100000000)
  eden space 307712K, 100% used [0x00000000d5580000,0x00000000e8200000,0x00000000e8200000)
  from space 24064K, 85% used [0x00000000e9f00000,0x00000000eb325890,0x00000000eb680000)
  to   space 27136K, 0% used [0x00000000e8200000,0x00000000e8200000,0x00000000e9c80000)
 ParOldGen       total 96768K, used 43580K [0x0000000080000000, 0x0000000085e80000, 0x00000000d5580000)
  object space 96768K, 45% used [0x0000000080000000,0x0000000082a8f3d8,0x0000000085e80000)
 Metaspace       used 85365K, capacity 89784K, committed 89816K, reserved 1126400K
  class space    used 11675K, capacity 12513K, committed 12544K, reserved 1048576K
Event: 97.031 GC heap after
Heap after GC invocations=18 (full 3):
 PSYoungGen      total 334848K, used 27108K [0x00000000d5580000, 0x00000000f4400000, 0x0000000100000000)
  eden space 307712K, 0% used [0x00000000d5580000,0x00000000d5580000,0x00000000e8200000)
  from space 27136K, 99% used [0x00000000e8200000,0x00000000e9c79070,0x00000000e9c80000)
  to   space 50176K, 0% used [0x00000000f1300000,0x00000000f1300000,0x00000000f4400000)
 ParOldGen       total 96768K, used 94617K [0x0000000080000000, 0x0000000085e80000, 0x00000000d5580000)
  object space 96768K, 97% used [0x0000000080000000,0x0000000085c667a8,0x0000000085e80000)
 Metaspace       used 85365K, capacity 89784K, committed 89816K, reserved 1126400K
  class space    used 11675K, capacity 12513K, committed 12544K, reserved 1048576K
}
Event: 97.031 GC heap before
{Heap before GC invocations=19 (full 4):
 PSYoungGen      total 334848K, used 27108K [0x00000000d5580000, 0x00000000f4400000, 0x0000000100000000)
  eden space 307712K, 0% used [0x00000000d5580000,0x00000000d5580000,0x00000000e8200000)
  from space 27136K, 99% used [0x00000000e8200000,0x00000000e9c79070,0x00000000e9c80000)
  to   space 50176K, 0% used [0x00000000f1300000,0x00000000f1300000,0x00000000f4400000)
 ParOldGen       total 96768K, used 94617K [0x0000000080000000, 0x0000000085e80000, 0x00000000d5580000)
  object space 96768K, 97% used [0x0000000080000000,0x0000000085c667a8,0x0000000085e80000)
 Metaspace       used 85365K, capacity 89784K, committed 89816K, reserved 1126400K
  class space    used 11675K, capacity 12513K, committed 12544K, reserved 1048576K
Event: 101.079 GC heap after
Heap after GC invocations=19 (full 4):
 PSYoungGen      total 334848K, used 21969K [0x00000000d5580000, 0x00000000f4400000, 0x0000000100000000)
  eden space 307712K, 0% used [0x00000000d5580000,0x00000000d5580000,0x00000000e8200000)
  from space 27136K, 80% used [0x00000000e8200000,0x00000000e97744a0,0x00000000e9c80000)
  to   space 50176K, 0% used [0x00000000f1300000,0x00000000f1300000,0x00000000f4400000)
 ParOldGen       total 96768K, used 96273K [0x0000000080000000, 0x0000000085e80000, 0x00000000d5580000)
  object space 96768K, 99% used [0x0000000080000000,0x0000000085e04690,0x0000000085e80000)
 Metaspace       used 85313K, capacity 89640K, committed 89816K, reserved 1126400K
  class space    used 11656K, capacity 12481K, committed 12544K, reserved 1048576K
}

Deoptimization events (10 events):
Event: 95.714 Thread 0x000000001fb15000 Uncommon trap: reason=null_check action=make_not_entrant pc=0x0000000004b0c1cc method=com.android.tools.r8.graph.i0.computeEquals(Ljava/lang/Object;)Z @ 1
Event: 96.336 Thread 0x000000001fb15000 Uncommon trap: reason=predicate action=maybe_recompile pc=0x0000000002e9685c method=com.android.tools.r8.graph.U0.d(Ljava/util/function/Function;)Lcom/android/tools/r8/utils/q1; @ 17
Event: 96.338 Thread 0x000000001fb15000 Uncommon trap: reason=unstable_if action=reinterpret pc=0x0000000002e46218 method=com.android.tools.r8.utils.q1.a()Z @ 4
Event: 101.091 Thread 0x0000000017799000 Uncommon trap: reason=unstable_if action=reinterpret pc=0x0000000003c14a78 method=java.lang.ref.Reference.tryHandlePending(Z)Z @ 20
Event: 101.173 Thread 0x000000001fb15000 Uncommon trap: reason=unstable_if action=reinterpret pc=0x0000000004cbf3e0 method=com.android.tools.r8.utils.T.a(Ljava/lang/String;Lcom/android/tools/r8/naming/b;)Ljava/lang/String; @ 9
Event: 101.970 Thread 0x000000001fb15000 Uncommon trap: reason=unstable_if action=reinterpret pc=0x0000000004d3b04c method=java.util.TimSort.mergeLo(IIII)V @ 87
Event: 101.971 Thread 0x000000001fb15000 Uncommon trap: reason=unstable_if action=reinterpret pc=0x0000000004d8f7dc method=java.util.TimSort.mergeHi(IIII)V @ 131
Event: 101.992 Thread 0x000000001fb15000 Uncommon trap: reason=bimorphic action=maybe_recompile pc=0x0000000004d3e438 method=java.util.TimSort.mergeHi(IIII)V @ 227
Event: 102.281 Thread 0x000000001fb15000 Uncommon trap: reason=unstable_if action=reinterpret pc=0x00000000049dc0a0 method=com.android.tools.r8.dex.m.c(I)V @ 8
Event: 102.335 Thread 0x000000001fb15000 Uncommon trap: reason=unstable_if action=reinterpret pc=0x00000000049e97b0 method=com.android.tools.r8.graph.G.b()Lcom/android/tools/r8/graph/N; @ 4

Classes redefined (0 events):
No events

Internal exceptions (10 events):
Event: 82.026 Thread 0x000000001fb16800 Exception <a 'sun/nio/fs/WindowsException'> (0x00000000dd259ca0) thrown at [C:\src\AOSP-openjdk-git\hotspot\src\share\vm\prims\jni.cpp, line 710]
Event: 82.034 Thread 0x000000001fb16800 Exception <a 'sun/nio/fs/WindowsException'> (0x00000000dd261520) thrown at [C:\src\AOSP-openjdk-git\hotspot\src\share\vm\prims\jni.cpp, line 710]
Event: 82.087 Thread 0x000000001fb16800 Exception <a 'sun/nio/fs/WindowsException'> (0x00000000dd26ed90) thrown at [C:\src\AOSP-openjdk-git\hotspot\src\share\vm\prims\jni.cpp, line 710]
Event: 82.125 Thread 0x000000001fb16800 Exception <a 'sun/nio/fs/WindowsException'> (0x00000000dd3f6440) thrown at [C:\src\AOSP-openjdk-git\hotspot\src\share\vm\prims\jni.cpp, line 710]
Event: 82.142 Thread 0x000000001fb16800 Exception <a 'sun/nio/fs/WindowsException'> (0x00000000dd409ff8) thrown at [C:\src\AOSP-openjdk-git\hotspot\src\share\vm\prims\jni.cpp, line 710]
Event: 82.170 Thread 0x000000001fb16800 Exception <a 'sun/nio/fs/WindowsException'> (0x00000000dd411868) thrown at [C:\src\AOSP-openjdk-git\hotspot\src\share\vm\prims\jni.cpp, line 710]
Event: 83.462 Thread 0x000000001a90d000 Exception <a 'java/lang/NoSuchMethodError': <clinit>> (0x00000000df0a44c8) thrown at [C:\src\AOSP-openjdk-git\hotspot\src\share\vm\prims\jni.cpp, line 1615]
Event: 84.031 Thread 0x000000001fb16000 Exception <a 'sun/nio/fs/WindowsException'> (0x00000000dfe69710) thrown at [C:\src\AOSP-openjdk-git\hotspot\src\share\vm\prims\jni.cpp, line 710]
Event: 85.392 Thread 0x000000001fb14800 Implicit null exception at 0x0000000002d7a5af to 0x0000000002d7a69d
Event: 95.714 Thread 0x000000001fb15000 Implicit null exception at 0x0000000004b0c04f to 0x0000000004b0c1bd

Events (10 events):
Event: 102.335 Thread 0x000000001fb15000 Uncommon trap: trap_request=0xffffff65 fr.pc=0x00000000049e97b0
Event: 102.335 Thread 0x000000001fb15000 DEOPT PACKING pc=0x00000000049e97b0 sp=0x000000002c87f220
Event: 102.335 Thread 0x000000001fb15000 DEOPT UNPACKING pc=0x0000000002bd557b sp=0x000000002c87f248 mode 2
Event: 102.757 Thread 0x000000001dc82800 Thread exited: 0x000000001dc82800
Event: 102.861 Executing VM operation: ForceSafepoint
Event: 102.862 Executing VM operation: ForceSafepoint done
Event: 103.396 loading class com/android/tools/r8/graph/X0
Event: 103.396 loading class com/android/tools/r8/graph/X0 done
Event: 103.397 loading class com/android/tools/r8/graph/X0
Event: 103.397 loading class com/android/tools/r8/graph/X0 done


Dynamic libraries:
0x00007ff79b3a0000 - 0x00007ff79b3d1000 	C:\Program Files\Android\Android Studio\jre\bin\java.exe
0x00007ffc56920000 - 0x00007ffc56b10000 	C:\WINDOWS\SYSTEM32\ntdll.dll
0x00007ffc38c30000 - 0x00007ffc38c42000 	C:\Program Files\AVG\Antivirus\aswhook.dll
0x00007ffc54bc0000 - 0x00007ffc54c72000 	C:\WINDOWS\System32\KERNEL32.DLL
0x00007ffc53af0000 - 0x00007ffc53d95000 	C:\WINDOWS\System32\KERNELBASE.dll
0x00007ffc56180000 - 0x00007ffc56223000 	C:\WINDOWS\System32\ADVAPI32.dll
0x00007ffc55400000 - 0x00007ffc5549e000 	C:\WINDOWS\System32\msvcrt.dll
0x00007ffc54ab0000 - 0x00007ffc54b47000 	C:\WINDOWS\System32\sechost.dll
0x00007ffc554d0000 - 0x00007ffc555f0000 	C:\WINDOWS\System32\RPCRT4.dll
0x00007ffc56310000 - 0x00007ffc564a4000 	C:\WINDOWS\System32\USER32.dll
0x00007ffc53ac0000 - 0x00007ffc53ae1000 	C:\WINDOWS\System32\win32u.dll
0x00007ffc554a0000 - 0x00007ffc554c6000 	C:\WINDOWS\System32\GDI32.dll
0x00007ffc538d0000 - 0x00007ffc53a66000 	C:\WINDOWS\System32\gdi32full.dll
0x00007ffc53fd0000 - 0x00007ffc5406e000 	C:\WINDOWS\System32\msvcp_win.dll
0x00007ffc548d0000 - 0x00007ffc549ca000 	C:\WINDOWS\System32\ucrtbase.dll
0x00007ffc3ebe0000 - 0x00007ffc3ee64000 	C:\WINDOWS\WinSxS\amd64_microsoft.windows.common-controls_6595b64144ccf1df_6.0.18362.1139_none_9e7bf2d3e4605ac6\COMCTL32.dll
0x00007ffc555f0000 - 0x00007ffc55925000 	C:\WINDOWS\System32\combase.dll
0x00007ffc53da0000 - 0x00007ffc53e20000 	C:\WINDOWS\System32\bcryptPrimitives.dll
0x00007ffc549d0000 - 0x00007ffc549fe000 	C:\WINDOWS\System32\IMM32.DLL
0x0000000077f20000 - 0x0000000077ff2000 	C:\Program Files\Android\Android Studio\jre\jre\bin\msvcr100.dll
0x0000000050800000 - 0x000000005104b000 	C:\Program Files\Android\Android Studio\jre\jre\bin\server\jvm.dll
0x00007ffc56680000 - 0x00007ffc56688000 	C:\WINDOWS\System32\PSAPI.DLL
0x00007ffc431a0000 - 0x00007ffc431a9000 	C:\WINDOWS\SYSTEM32\WSOCK32.dll
0x00007ffc54b50000 - 0x00007ffc54bbf000 	C:\WINDOWS\System32\WS2_32.dll
0x00007ffc50d30000 - 0x00007ffc50d54000 	C:\WINDOWS\SYSTEM32\WINMM.dll
0x00007ffc485e0000 - 0x00007ffc485ea000 	C:\WINDOWS\SYSTEM32\VERSION.dll
0x00007ffc50d00000 - 0x00007ffc50d2d000 	C:\WINDOWS\SYSTEM32\WINMMBASE.dll
0x00007ffc53a70000 - 0x00007ffc53aba000 	C:\WINDOWS\System32\cfgmgr32.dll
0x00007ffc3e8c0000 - 0x00007ffc3e8cf000 	C:\Program Files\Android\Android Studio\jre\jre\bin\verify.dll
0x00007ffc3b9f0000 - 0x00007ffc3ba19000 	C:\Program Files\Android\Android Studio\jre\jre\bin\java.dll
0x00007ffc3c640000 - 0x00007ffc3c656000 	C:\Program Files\Android\Android Studio\jre\jre\bin\zip.dll
0x00007ffc55a10000 - 0x00007ffc560f7000 	C:\WINDOWS\System32\SHELL32.dll
0x00007ffc54a00000 - 0x00007ffc54aa9000 	C:\WINDOWS\System32\shcore.dll
0x00007ffc54070000 - 0x00007ffc547f0000 	C:\WINDOWS\System32\windows.storage.dll
0x00007ffc53880000 - 0x00007ffc538a3000 	C:\WINDOWS\System32\profapi.dll
0x00007ffc53810000 - 0x00007ffc5385a000 	C:\WINDOWS\System32\powrprof.dll
0x00007ffc537e0000 - 0x00007ffc537f0000 	C:\WINDOWS\System32\UMPDC.dll
0x00007ffc56880000 - 0x00007ffc568d2000 	C:\WINDOWS\System32\shlwapi.dll
0x00007ffc53860000 - 0x00007ffc53871000 	C:\WINDOWS\System32\kernel.appcore.dll
0x00007ffc538b0000 - 0x00007ffc538c7000 	C:\WINDOWS\System32\cryptsp.dll
0x00007ffc3c260000 - 0x00007ffc3c27a000 	C:\Program Files\Android\Android Studio\jre\jre\bin\net.dll
0x00007ffc52fd0000 - 0x00007ffc53037000 	C:\WINDOWS\system32\mswsock.dll
0x00007ffc4e050000 - 0x00007ffc4e063000 	C:\Program Files\Android\Android Studio\jre\jre\bin\nio.dll
0x00007ffc3c280000 - 0x00007ffc3c2a7000 	C:\Users\Renzo\.gradle\native\f6784746aeab05261644944871eae4fe03e0ef1612fff0a4a95f87b438bc6780\windows-amd64\native-platform.dll
0x00007ffc4df90000 - 0x00007ffc4df9d000 	C:\Program Files\Android\Android Studio\jre\jre\bin\management.dll
0x00007ffc52b40000 - 0x00007ffc52b73000 	C:\WINDOWS\system32\rsaenh.dll
0x00007ffc548a0000 - 0x00007ffc548c6000 	C:\WINDOWS\System32\bcrypt.dll
0x00007ffc53700000 - 0x00007ffc53725000 	C:\WINDOWS\SYSTEM32\USERENV.dll
0x00007ffc531a0000 - 0x00007ffc531ac000 	C:\WINDOWS\SYSTEM32\CRYPTBASE.dll
0x00007ffc52ce0000 - 0x00007ffc52d1a000 	C:\WINDOWS\SYSTEM32\IPHLPAPI.DLL
0x00007ffc56300000 - 0x00007ffc56308000 	C:\WINDOWS\System32\NSI.dll
0x00007ffc472d0000 - 0x00007ffc472e6000 	C:\WINDOWS\SYSTEM32\dhcpcsvc6.DLL
0x00007ffc47780000 - 0x00007ffc4779c000 	C:\WINDOWS\SYSTEM32\dhcpcsvc.DLL
0x00007ffc52d20000 - 0x00007ffc52deb000 	C:\WINDOWS\SYSTEM32\DNSAPI.dll
0x00007ffc48a40000 - 0x00007ffc48a4b000 	C:\WINDOWS\SYSTEM32\WINNSI.DLL

VM Arguments:
jvm_args: -Xmx2048m -Dfile.encoding=UTF-8 -Duser.country=US -Duser.language=en -Duser.variant 
java_command: org.gradle.launcher.daemon.bootstrap.GradleDaemon 6.5
java_class_path (initial): C:\Users\Renzo\.gradle\wrapper\dists\gradle-6.5-bin\6nifqtx7604sqp1q6g8wikw7p\gradle-6.5\lib\gradle-launcher-6.5.jar
Launcher Type: SUN_STANDARD

Environment Variables:
PATH=C:\Users\Renzo\.IdeaIC2019.2\system\tmp\patch-update\jre\bin;C:\ProgramData\Oracle\Java\javapath;C:\WINDOWS\system32;C:\WINDOWS;C:\WINDOWS\System32\Wbem;C:\WINDOWS\System32\WindowsPowerShell\v1.0\;C:\Program Files\Intel\WiFi\bin\;C:\Program Files\Common Files\Intel\WirelessCommon\;C:\Program Files (x86)\PharosSystems\Core;C:\Program Files\dotnet\;C:\WINDOWS\System32\OpenSSH\;C:\Program Files\PuTTY\;C:\Program Files\Git\cmd;C:\ProgramData\chocolatey\bin;C:\Users\Renzo\.IdeaIC2019.2\system\tmp\patch-update\jre\bin;C:\Mingw-w64\mingw32\bin;C:\Users\Renzo\AppData\Local\Programs\Microsoft VS Code\bin;C:\Users\Renzo\AppData\Local\Microsoft\WindowsApps;C:\Users\Renzo\AppData\Local\Box\Box Edit\;
USERNAME=Renzo
OS=Windows_NT
PROCESSOR_IDENTIFIER=Intel64 Family 6 Model 78 Stepping 3, GenuineIntel



---------------  S Y S T E M  ---------------

OS: Windows 10.0 , 64 bit Build 18362 (10.0.18362.1110)

CPU:total 4 (initial active 4) (2 cores per cpu, 2 threads per core) family 6 model 78 stepping 3, cmov, cx8, fxsr, mmx, sse, sse2, sse3, ssse3, sse4.1, sse4.2, popcnt, avx, avx2, aes, clmul, erms, 3dnowpref, lzcnt, ht, tsc, tscinvbit, bmi1, bmi2, adx

Memory: 4k page, physical 8238856k(346532k free), swap 10185480k(5292k free)

vm_info: OpenJDK 64-Bit Server VM (25.242-b01) for windows-amd64 JRE (1.8.0_242-release-1644-b01), built by "builder" with MS VC++ 10.0 (VS2010)

time: Thu Nov 12 13:03:59 2020
timezone: Mountain Standard Time
elapsed time: 103 seconds (0d 0h 1m 43s)

