#
# There is insufficient memory for the Java Runtime Environment to continue.
# Native memory allocation (malloc) failed to allocate 489904 bytes for Chunk::new
# Possible reasons:
#   The system is out of physical RAM or swap space
#   The process is running with CompressedOops enabled, and the Java Heap may be blocking the growth of the native heap
# Possible solutions:
#   Reduce memory load on the system
#   Increase physical memory or swap space
#   Check if swap backing store is full
#   Decrease Java heap size (-Xmx/-Xms)
#   Decrease number of Java threads
#   Decrease Java thread stack sizes (-Xss)
#   Set larger code cache with -XX:ReservedCodeCacheSize=
#   JVM is running with Unscaled Compressed Oops mode in which the Java heap is
#     placed in the first 4GB address space. The Java Heap base address is the
#     maximum limit for the native heap growth. Please use -XX:HeapBaseMinAddress
#     to set the Java Heap base and to place the Java Heap above 4GB virtual address.
# This output file may be truncated or incomplete.
#
#  Out of Memory Error (allocation.cpp:389), pid=16624, tid=0x0000000000003594
#
# JRE version: OpenJDK Runtime Environment (8.0_242-b01) (build 1.8.0_242-release-1644-b01)
# Java VM: OpenJDK 64-Bit Server VM (25.242-b01 mixed mode windows-amd64 compressed oops)
# Failed to write core dump. Minidumps are not enabled by default on client versions of Windows
#

---------------  T H R E A D  ---------------

Current thread (0x00000000177d8000):  JavaThread "C2 CompilerThread0" daemon [_thread_in_native, id=13716, stack(0x0000000018e50000,0x0000000018f50000)]

Stack: [0x0000000018e50000,0x0000000018f50000]
[error occurred during error reporting (printing stack bounds), id 0xc0000005]

Native frames: (J=compiled Java code, j=interpreted, Vv=VM code, C=native code)


Current CompileTask:
C2:  10768 1490   !   4       java.net.URLClassLoader$1::run (63 bytes)


---------------  P R O C E S S  ---------------

Java Threads: ( => current thread )
  0x000000001c631000 JavaThread "Cache worker for file hash cache (C:\Users\Renzo\.gradle\caches\6.5\fileHashes)" [_thread_blocked, id=15652, stack(0x000000001d770000,0x000000001d870000)]
  0x000000001c637800 JavaThread "File lock request listener" [_thread_in_native, id=21112, stack(0x000000001d670000,0x000000001d770000)]
  0x000000001c630800 JavaThread "Cache worker for journal cache (C:\Users\Renzo\.gradle\caches\journal-1)" [_thread_blocked, id=2024, stack(0x000000001d570000,0x000000001d670000)]
  0x000000001a716000 JavaThread "Thread-9" [_thread_blocked, id=13856, stack(0x000000001c2a0000,0x000000001c3a0000)]
  0x000000001a714800 JavaThread "Stdin handler" [_thread_blocked, id=12660, stack(0x000000001c1a0000,0x000000001c2a0000)]
  0x000000001a0cb800 JavaThread "Asynchronous log dispatcher for DefaultDaemonConnection: socket connection from /127.0.0.1:57598 to /127.0.0.1:57599" [_thread_blocked, id=17524, stack(0x000000001c0a0000,0x000000001c1a0000)]
  0x000000001a30e800 JavaThread "Daemon worker" [_thread_in_native, id=19668, stack(0x000000001bfa0000,0x000000001c0a0000)]
  0x00000000197dd000 JavaThread "Cancel handler" [_thread_blocked, id=21420, stack(0x000000001bea0000,0x000000001bfa0000)]
  0x0000000019ebd000 JavaThread "Handler for socket connection from /127.0.0.1:57598 to /127.0.0.1:57599" [_thread_in_native, id=8780, stack(0x000000001bda0000,0x000000001bea0000)]
  0x0000000019536000 JavaThread "Daemon" [_thread_blocked, id=13372, stack(0x000000001bca0000,0x000000001bda0000)]
  0x0000000019272000 JavaThread "Daemon periodic checks" [_thread_blocked, id=16588, stack(0x000000001b9a0000,0x000000001baa0000)]
  0x0000000019c85000 JavaThread "Incoming local TCP Connector on port 57598" [_thread_in_native, id=19012, stack(0x000000001b760000,0x000000001b860000)]
  0x000000001a910000 JavaThread "Daemon health stats" [_thread_blocked, id=4544, stack(0x000000001b120000,0x000000001b220000)]
  0x0000000019158800 JavaThread "Service Thread" daemon [_thread_blocked, id=19684, stack(0x0000000019550000,0x0000000019650000)]
  0x0000000017825800 JavaThread "C1 CompilerThread2" daemon [_thread_blocked, id=1292, stack(0x0000000019050000,0x0000000019150000)]
  0x00000000177dc000 JavaThread "C2 CompilerThread1" daemon [_thread_in_native, id=14812, stack(0x0000000018f50000,0x0000000019050000)]
=>0x00000000177d8000 JavaThread "C2 CompilerThread0" daemon [_thread_in_native, id=13716, stack(0x0000000018e50000,0x0000000018f50000)]
  0x00000000177d2000 JavaThread "Attach Listener" daemon [_thread_blocked, id=21188, stack(0x0000000018d50000,0x0000000018e50000)]
  0x00000000177d6800 JavaThread "Signal Dispatcher" daemon [_thread_blocked, id=3340, stack(0x0000000018c50000,0x0000000018d50000)]
  0x0000000002ba5800 JavaThread "Finalizer" daemon [_thread_blocked, id=13504, stack(0x0000000018a50000,0x0000000018b50000)]
  0x00000000177b9000 JavaThread "Reference Handler" daemon [_thread_blocked, id=18328, stack(0x0000000018950000,0x0000000018a50000)]
  0x000000000296e800 JavaThread "main" [_thread_blocked, id=21288, stack(0x00000000029b0000,0x0000000002ab0000)]

Other Threads:
  0x0000000017796800 VMThread [stack: 0x0000000018850000,0x0000000018950000] [id=17896]
  0x0000000019159800 WatcherThread [stack: 0x0000000019650000,0x0000000019750000] [id=7692]

VM state:not at safepoint (normal execution)

VM Mutex/Monitor currently owned by a thread: None

heap address: 0x0000000080000000, size: 2048 MB, Compressed Oops mode: 32-bit
Narrow klass base: 0x0000000000000000, Narrow klass shift: 3
Compressed class space size: 1073741824 Address: 0x0000000100000000

Heap:
 PSYoungGen      total 37888K, used 10500K [0x00000000d5580000, 0x00000000d7f80000, 0x0000000100000000)
  eden space 32768K, 16% used [0x00000000d5580000,0x00000000d5ac8650,0x00000000d7580000)
  from space 5120K, 99% used [0x00000000d7a80000,0x00000000d7f78d30,0x00000000d7f80000)
  to   space 5120K, 0% used [0x00000000d7580000,0x00000000d7580000,0x00000000d7a80000)
 ParOldGen       total 86016K, used 3021K [0x0000000080000000, 0x0000000085400000, 0x00000000d5580000)
  object space 86016K, 3% used [0x0000000080000000,0x00000000802f35d0,0x0000000085400000)
 Metaspace       used 15765K, capacity 16326K, committed 16640K, reserved 1062912K
  class space    used 2068K, capacity 2239K, committed 2304K, reserved 1048576K

Card table byte_map: [0x0000000011f70000,0x0000000012380000] byte_map_base: 0x0000000011b70000

Marking Bits: (ParMarkBitMap*) 0x000000006abbf030
 Begin Bits: [0x0000000012a30000, 0x0000000014a30000)
 End Bits:   [0x0000000014a30000, 0x0000000016a30000)

Polling page: 0x0000000002920000

CodeCache: size=245760Kb used=5073Kb max_used=5111Kb free=240686Kb
 bounds [0x0000000002bb0000, 0x00000000030d0000, 0x0000000011bb0000]
 total_blobs=1833 nmethods=1441 adapters=305
 compilation: enabled

Compilation events (10 events):
Event: 10.597 Thread 0x0000000017825800 1551       3       com.google.common.base.Preconditions::checkElementIndex (25 bytes)
Event: 10.597 Thread 0x0000000017825800 nmethod 1551 0x0000000002d8bd90 code [0x0000000002d8bf00, 0x0000000002d8c198]
Event: 10.597 Thread 0x0000000017825800 1552       1       com.google.common.collect.RegularImmutableList::size (5 bytes)
Event: 10.597 Thread 0x0000000017825800 nmethod 1552 0x0000000002d86490 code [0x0000000002d865e0, 0x0000000002d866f0]
Event: 10.665 Thread 0x0000000017825800 1554       3       jdk.internal.org.objectweb.asm.MethodWriter::visitInsn (106 bytes)
Event: 10.666 Thread 0x0000000017825800 nmethod 1554 0x0000000002d211d0 code [0x0000000002d21380, 0x0000000002d21828]
Event: 10.721 Thread 0x00000000177dc000 1555       4       java.util.jar.Attributes$Name::hashCode (24 bytes)
Event: 10.733 Thread 0x00000000177dc000 nmethod 1555 0x0000000002dcff10 code [0x0000000002dd0060, 0x0000000002dd0338]
Event: 10.739 Thread 0x0000000017825800 1556       3       java.io.WinNTFileSystem::parentOrNull (171 bytes)
Event: 10.741 Thread 0x0000000017825800 nmethod 1556 0x0000000002dd8ad0 code [0x0000000002dd8d00, 0x0000000002dd9a78]

GC Heap History (8 events):
Event: 4.814 GC heap before
{Heap before GC invocations=1 (full 0):
 PSYoungGen      total 37888K, used 32768K [0x00000000d5580000, 0x00000000d7f80000, 0x0000000100000000)
  eden space 32768K, 100% used [0x00000000d5580000,0x00000000d7580000,0x00000000d7580000)
  from space 5120K, 0% used [0x00000000d7a80000,0x00000000d7a80000,0x00000000d7f80000)
  to   space 5120K, 0% used [0x00000000d7580000,0x00000000d7580000,0x00000000d7a80000)
 ParOldGen       total 86016K, used 0K [0x0000000080000000, 0x0000000085400000, 0x00000000d5580000)
  object space 86016K, 0% used [0x0000000080000000,0x0000000080000000,0x0000000085400000)
 Metaspace       used 7215K, capacity 7442K, committed 7680K, reserved 1056768K
  class space    used 890K, capacity 973K, committed 1024K, reserved 1048576K
Event: 4.829 GC heap after
Heap after GC invocations=1 (full 0):
 PSYoungGen      total 37888K, used 4367K [0x00000000d5580000, 0x00000000d7f80000, 0x0000000100000000)
  eden space 32768K, 0% used [0x00000000d5580000,0x00000000d5580000,0x00000000d7580000)
  from space 5120K, 85% used [0x00000000d7580000,0x00000000d79c3c68,0x00000000d7a80000)
  to   space 5120K, 0% used [0x00000000d7a80000,0x00000000d7a80000,0x00000000d7f80000)
 ParOldGen       total 86016K, used 16K [0x0000000080000000, 0x0000000085400000, 0x00000000d5580000)
  object space 86016K, 0% used [0x0000000080000000,0x0000000080004000,0x0000000085400000)
 Metaspace       used 7215K, capacity 7442K, committed 7680K, reserved 1056768K
  class space    used 890K, capacity 973K, committed 1024K, reserved 1048576K
}
Event: 5.972 GC heap before
{Heap before GC invocations=2 (full 0):
 PSYoungGen      total 37888K, used 37135K [0x00000000d5580000, 0x00000000d7f80000, 0x0000000100000000)
  eden space 32768K, 100% used [0x00000000d5580000,0x00000000d7580000,0x00000000d7580000)
  from space 5120K, 85% used [0x00000000d7580000,0x00000000d79c3c68,0x00000000d7a80000)
  to   space 5120K, 0% used [0x00000000d7a80000,0x00000000d7a80000,0x00000000d7f80000)
 ParOldGen       total 86016K, used 16K [0x0000000080000000, 0x0000000085400000, 0x00000000d5580000)
  object space 86016K, 0% used [0x0000000080000000,0x0000000080004000,0x0000000085400000)
 Metaspace       used 7450K, capacity 7654K, committed 7936K, reserved 1056768K
  class space    used 912K, capacity 981K, committed 1024K, reserved 1048576K
Event: 5.982 GC heap after
Heap after GC invocations=2 (full 0):
 PSYoungGen      total 37888K, used 3201K [0x00000000d5580000, 0x00000000d7f80000, 0x0000000100000000)
  eden space 32768K, 0% used [0x00000000d5580000,0x00000000d5580000,0x00000000d7580000)
  from space 5120K, 62% used [0x00000000d7a80000,0x00000000d7da0608,0x00000000d7f80000)
  to   space 5120K, 0% used [0x00000000d7580000,0x00000000d7580000,0x00000000d7a80000)
 ParOldGen       total 86016K, used 24K [0x0000000080000000, 0x0000000085400000, 0x00000000d5580000)
  object space 86016K, 0% used [0x0000000080000000,0x0000000080006000,0x0000000085400000)
 Metaspace       used 7450K, capacity 7654K, committed 7936K, reserved 1056768K
  class space    used 912K, capacity 981K, committed 1024K, reserved 1048576K
}
Event: 9.233 GC heap before
{Heap before GC invocations=3 (full 0):
 PSYoungGen      total 37888K, used 35969K [0x00000000d5580000, 0x00000000d7f80000, 0x0000000100000000)
  eden space 32768K, 100% used [0x00000000d5580000,0x00000000d7580000,0x00000000d7580000)
  from space 5120K, 62% used [0x00000000d7a80000,0x00000000d7da0608,0x00000000d7f80000)
  to   space 5120K, 0% used [0x00000000d7580000,0x00000000d7580000,0x00000000d7a80000)
 ParOldGen       total 86016K, used 24K [0x0000000080000000, 0x0000000085400000, 0x00000000d5580000)
  object space 86016K, 0% used [0x0000000080000000,0x0000000080006000,0x0000000085400000)
 Metaspace       used 11863K, capacity 12194K, committed 12544K, reserved 1060864K
  class space    used 1574K, capacity 1681K, committed 1792K, reserved 1048576K
Event: 9.249 GC heap after
Heap after GC invocations=3 (full 0):
 PSYoungGen      total 37888K, used 5104K [0x00000000d5580000, 0x00000000d7f80000, 0x0000000100000000)
  eden space 32768K, 0% used [0x00000000d5580000,0x00000000d5580000,0x00000000d7580000)
  from space 5120K, 99% used [0x00000000d7580000,0x00000000d7a7c010,0x00000000d7a80000)
  to   space 5120K, 0% used [0x00000000d7a80000,0x00000000d7a80000,0x00000000d7f80000)
 ParOldGen       total 86016K, used 786K [0x0000000080000000, 0x0000000085400000, 0x00000000d5580000)
  object space 86016K, 0% used [0x0000000080000000,0x00000000800c4b30,0x0000000085400000)
 Metaspace       used 11863K, capacity 12194K, committed 12544K, reserved 1060864K
  class space    used 1574K, capacity 1681K, committed 1792K, reserved 1048576K
}
Event: 10.477 GC heap before
{Heap before GC invocations=4 (full 0):
 PSYoungGen      total 37888K, used 37872K [0x00000000d5580000, 0x00000000d7f80000, 0x0000000100000000)
  eden space 32768K, 100% used [0x00000000d5580000,0x00000000d7580000,0x00000000d7580000)
  from space 5120K, 99% used [0x00000000d7580000,0x00000000d7a7c010,0x00000000d7a80000)
  to   space 5120K, 0% used [0x00000000d7a80000,0x00000000d7a80000,0x00000000d7f80000)
 ParOldGen       total 86016K, used 786K [0x0000000080000000, 0x0000000085400000, 0x00000000d5580000)
  object space 86016K, 0% used [0x0000000080000000,0x00000000800c4b30,0x0000000085400000)
 Metaspace       used 14579K, capacity 15154K, committed 15232K, reserved 1062912K
  class space    used 2000K, capacity 2165K, committed 2176K, reserved 1048576K
Event: 10.503 GC heap after
Heap after GC invocations=4 (full 0):
 PSYoungGen      total 37888K, used 5091K [0x00000000d5580000, 0x00000000d7f80000, 0x0000000100000000)
  eden space 32768K, 0% used [0x00000000d5580000,0x00000000d5580000,0x00000000d7580000)
  from space 5120K, 99% used [0x00000000d7a80000,0x00000000d7f78d30,0x00000000d7f80000)
  to   space 5120K, 0% used [0x00000000d7580000,0x00000000d7580000,0x00000000d7a80000)
 ParOldGen       total 86016K, used 3021K [0x0000000080000000, 0x0000000085400000, 0x00000000d5580000)
  object space 86016K, 3% used [0x0000000080000000,0x00000000802f35d0,0x0000000085400000)
 Metaspace       used 14579K, capacity 15154K, committed 15232K, reserved 1062912K
  class space    used 2000K, capacity 2165K, committed 2176K, reserved 1048576K
}

Deoptimization events (10 events):
Event: 9.434 Thread 0x000000001a30e800 Uncommon trap: reason=bimorphic action=maybe_recompile pc=0x0000000002ebe5a4 method=java.util.HashMap.putVal(ILjava/lang/Object;Ljava/lang/Object;ZZ)Ljava/lang/Object; @ 253
Event: 9.435 Thread 0x000000001a30e800 Uncommon trap: reason=class_check action=maybe_recompile pc=0x0000000002ebef90 method=java.util.HashMap.putVal(ILjava/lang/Object;Ljava/lang/Object;ZZ)Ljava/lang/Object; @ 203
Event: 9.435 Thread 0x000000001a30e800 Uncommon trap: reason=class_check action=maybe_recompile pc=0x0000000002ebef90 method=java.util.HashMap.putVal(ILjava/lang/Object;Ljava/lang/Object;ZZ)Ljava/lang/Object; @ 203
Event: 9.435 Thread 0x000000001a30e800 Uncommon trap: reason=class_check action=maybe_recompile pc=0x0000000002ebef90 method=java.util.HashMap.putVal(ILjava/lang/Object;Ljava/lang/Object;ZZ)Ljava/lang/Object; @ 203
Event: 9.436 Thread 0x000000001a30e800 Uncommon trap: reason=class_check action=maybe_recompile pc=0x0000000002ec3ce8 method=java.util.HashMap.putVal(ILjava/lang/Object;Ljava/lang/Object;ZZ)Ljava/lang/Object; @ 203
Event: 10.184 Thread 0x000000001a30e800 Uncommon trap: reason=class_check action=maybe_recompile pc=0x0000000002eef458 method=java.util.regex.Matcher.match(II)Z @ 86
Event: 10.240 Thread 0x000000001a30e800 Uncommon trap: reason=class_check action=maybe_recompile pc=0x0000000002eef458 method=java.util.regex.Matcher.match(II)Z @ 86
Event: 10.242 Thread 0x000000001a30e800 Uncommon trap: reason=class_check action=maybe_recompile pc=0x0000000002eef458 method=java.util.regex.Matcher.match(II)Z @ 86
Event: 10.243 Thread 0x000000001a30e800 Uncommon trap: reason=class_check action=maybe_recompile pc=0x0000000002d6370c method=java.util.regex.Matcher.match(II)Z @ 86
Event: 10.677 Thread 0x000000001a30e800 Uncommon trap: reason=unstable_if action=reinterpret pc=0x0000000002eed89c method=java.io.File.getName()Ljava/lang/String; @ 16

Classes redefined (0 events):
No events

Internal exceptions (10 events):
Event: 9.228 Thread 0x0000000019ebd000 Exception <a 'java/lang/NoSuchMethodError': <clinit>> (0x00000000d7579808) thrown at [C:\src\AOSP-openjdk-git\hotspot\src\share\vm\prims\jni.cpp, line 1615]
Event: 9.276 Thread 0x0000000019ebd000 Exception <a 'java/lang/NoSuchMethodError': <clinit>> (0x00000000d558c120) thrown at [C:\src\AOSP-openjdk-git\hotspot\src\share\vm\prims\jni.cpp, line 1615]
Event: 9.285 Thread 0x0000000019ebd000 Exception <a 'java/lang/NoSuchMethodError': <clinit>> (0x00000000d55b3260) thrown at [C:\src\AOSP-openjdk-git\hotspot\src\share\vm\prims\jni.cpp, line 1615]
Event: 9.290 Thread 0x0000000019ebd000 Exception <a 'java/lang/NoSuchMethodError': <clinit>> (0x00000000d55cad80) thrown at [C:\src\AOSP-openjdk-git\hotspot\src\share\vm\prims\jni.cpp, line 1615]
Event: 9.292 Thread 0x0000000019ebd000 Exception <a 'java/lang/NoSuchMethodError': <clinit>> (0x00000000d55d3958) thrown at [C:\src\AOSP-openjdk-git\hotspot\src\share\vm\prims\jni.cpp, line 1615]
Event: 9.297 Thread 0x0000000019ebd000 Exception <a 'java/lang/NoSuchMethodError': <clinit>> (0x00000000d55e9c88) thrown at [C:\src\AOSP-openjdk-git\hotspot\src\share\vm\prims\jni.cpp, line 1615]
Event: 9.325 Thread 0x0000000019ebd000 Exception <a 'java/lang/NoSuchMethodError': <clinit>> (0x00000000d5686310) thrown at [C:\src\AOSP-openjdk-git\hotspot\src\share\vm\prims\jni.cpp, line 1615]
Event: 9.342 Thread 0x0000000019ebd000 Exception <a 'java/lang/NoSuchMethodError': <clinit>> (0x00000000d56b59d8) thrown at [C:\src\AOSP-openjdk-git\hotspot\src\share\vm\prims\jni.cpp, line 1615]
Event: 9.363 Thread 0x0000000019ebd000 Exception <a 'java/lang/NoSuchMethodError': <clinit>> (0x00000000d56e41b8) thrown at [C:\src\AOSP-openjdk-git\hotspot\src\share\vm\prims\jni.cpp, line 1615]
Event: 9.365 Thread 0x0000000019ebd000 Exception <a 'java/lang/NoSuchMethodError': <clinit>> (0x00000000d56f0630) thrown at [C:\src\AOSP-openjdk-git\hotspot\src\share\vm\prims\jni.cpp, line 1615]

Events (10 events):
Event: 10.759 loading class org/apache/tools/ant/types/resources/FileProvider
Event: 10.759 loading class org/apache/tools/ant/types/resources/FileProvider done
Event: 10.759 loading class org/apache/tools/ant/types/resources/Appendable
Event: 10.759 loading class org/apache/tools/ant/types/resources/Appendable done
Event: 10.762 loading class org/apache/tools/ant/util/VectorSet
Event: 10.762 loading class org/apache/tools/ant/util/VectorSet done
Event: 10.763 Executing VM operation: Deoptimize
Event: 10.763 Executing VM operation: Deoptimize done
Event: 10.764 loading class org/apache/tools/ant/BuildException
Event: 10.764 loading class org/apache/tools/ant/BuildException done


Dynamic libraries:
0x00007ff6abe30000 - 0x00007ff6abe61000 	C:\Program Files\Android\Android Studio\jre\bin\java.exe
0x00007ffecd4a0000 - 0x00007ffecd690000 	C:\WINDOWS\SYSTEM32\ntdll.dll
0x00007ffeaf380000 - 0x00007ffeaf392000 	C:\Program Files\AVG\Antivirus\aswhook.dll
0x00007ffecc000000 - 0x00007ffecc0b2000 	C:\WINDOWS\System32\KERNEL32.DLL
0x00007ffecb080000 - 0x00007ffecb325000 	C:\WINDOWS\System32\KERNELBASE.dll
0x00007ffecd110000 - 0x00007ffecd1b3000 	C:\WINDOWS\System32\ADVAPI32.dll
0x00007ffecbf20000 - 0x00007ffecbfbe000 	C:\WINDOWS\System32\msvcrt.dll
0x00007ffecc460000 - 0x00007ffecc4f7000 	C:\WINDOWS\System32\sechost.dll
0x00007ffecbe00000 - 0x00007ffecbf20000 	C:\WINDOWS\System32\RPCRT4.dll
0x00007ffecce30000 - 0x00007ffeccfc4000 	C:\WINDOWS\System32\USER32.dll
0x00007ffecaff0000 - 0x00007ffecb011000 	C:\WINDOWS\System32\win32u.dll
0x00007ffecd1c0000 - 0x00007ffecd1e6000 	C:\WINDOWS\System32\GDI32.dll
0x00007ffecadb0000 - 0x00007ffecaf46000 	C:\WINDOWS\System32\gdi32full.dll
0x00007ffecaf50000 - 0x00007ffecafee000 	C:\WINDOWS\System32\msvcp_win.dll
0x00007ffeca430000 - 0x00007ffeca52a000 	C:\WINDOWS\System32\ucrtbase.dll
0x00007ffebb150000 - 0x00007ffebb3d4000 	C:\WINDOWS\WinSxS\amd64_microsoft.windows.common-controls_6595b64144ccf1df_6.0.18362.1139_none_9e7bf2d3e4605ac6\COMCTL32.dll
0x00007ffecc0c0000 - 0x00007ffecc3f5000 	C:\WINDOWS\System32\combase.dll
0x00007ffeca530000 - 0x00007ffeca5b0000 	C:\WINDOWS\System32\bcryptPrimitives.dll
0x00007ffecbfc0000 - 0x00007ffecbfee000 	C:\WINDOWS\System32\IMM32.DLL
0x000000006a230000 - 0x000000006a302000 	C:\Program Files\Android\Android Studio\jre\jre\bin\msvcr100.dll
0x000000006a3f0000 - 0x000000006ac3b000 	C:\Program Files\Android\Android Studio\jre\jre\bin\server\jvm.dll
0x00007ffecbff0000 - 0x00007ffecbff8000 	C:\WINDOWS\System32\PSAPI.DLL
0x00007ffeba470000 - 0x00007ffeba479000 	C:\WINDOWS\SYSTEM32\WSOCK32.dll
0x00007ffecd0a0000 - 0x00007ffecd10f000 	C:\WINDOWS\System32\WS2_32.dll
0x00007ffec7e40000 - 0x00007ffec7e64000 	C:\WINDOWS\SYSTEM32\WINMM.dll
0x00007ffebf660000 - 0x00007ffebf66a000 	C:\WINDOWS\SYSTEM32\VERSION.dll
0x00007ffec7e10000 - 0x00007ffec7e3d000 	C:\WINDOWS\SYSTEM32\WINMMBASE.dll
0x00007ffeca5e0000 - 0x00007ffeca62a000 	C:\WINDOWS\System32\cfgmgr32.dll
0x00007ffeb4cb0000 - 0x00007ffeb4cbf000 	C:\Program Files\Android\Android Studio\jre\jre\bin\verify.dll
0x00007ffeb2370000 - 0x00007ffeb2399000 	C:\Program Files\Android\Android Studio\jre\jre\bin\java.dll
0x00007ffeb2180000 - 0x00007ffeb2196000 	C:\Program Files\Android\Android Studio\jre\jre\bin\zip.dll
0x00007ffecb6f0000 - 0x00007ffecbdd7000 	C:\WINDOWS\System32\SHELL32.dll
0x00007ffecd270000 - 0x00007ffecd319000 	C:\WINDOWS\System32\shcore.dll
0x00007ffeca630000 - 0x00007ffecadb0000 	C:\WINDOWS\System32\windows.storage.dll
0x00007ffeca370000 - 0x00007ffeca393000 	C:\WINDOWS\System32\profapi.dll
0x00007ffeca3e0000 - 0x00007ffeca42a000 	C:\WINDOWS\System32\powrprof.dll
0x00007ffeca360000 - 0x00007ffeca370000 	C:\WINDOWS\System32\UMPDC.dll
0x00007ffecb600000 - 0x00007ffecb652000 	C:\WINDOWS\System32\shlwapi.dll
0x00007ffeca3c0000 - 0x00007ffeca3d1000 	C:\WINDOWS\System32\kernel.appcore.dll
0x00007ffecb530000 - 0x00007ffecb547000 	C:\WINDOWS\System32\cryptsp.dll
0x00007ffeb1d90000 - 0x00007ffeb1daa000 	C:\Program Files\Android\Android Studio\jre\jre\bin\net.dll
0x00007ffec9b50000 - 0x00007ffec9bb7000 	C:\WINDOWS\system32\mswsock.dll
0x00007ffeb1d70000 - 0x00007ffeb1d83000 	C:\Program Files\Android\Android Studio\jre\jre\bin\nio.dll
0x00007ffea31a0000 - 0x00007ffea31c7000 	C:\Users\Renzo\.gradle\native\f6784746aeab05261644944871eae4fe03e0ef1612fff0a4a95f87b438bc6780\windows-amd64\native-platform.dll
0x00007ffeb2480000 - 0x00007ffeb248d000 	C:\Program Files\Android\Android Studio\jre\jre\bin\management.dll
0x00007ffec96c0000 - 0x00007ffec96f3000 	C:\WINDOWS\system32\rsaenh.dll
0x00007ffeca5b0000 - 0x00007ffeca5d6000 	C:\WINDOWS\System32\bcrypt.dll
0x00007ffeca280000 - 0x00007ffeca2a5000 	C:\WINDOWS\SYSTEM32\USERENV.dll
0x00007ffec9d20000 - 0x00007ffec9d2c000 	C:\WINDOWS\SYSTEM32\CRYPTBASE.dll
0x00007ffec9860000 - 0x00007ffec989a000 	C:\WINDOWS\SYSTEM32\IPHLPAPI.DLL
0x00007ffecb6e0000 - 0x00007ffecb6e8000 	C:\WINDOWS\System32\NSI.dll
0x00007ffebe940000 - 0x00007ffebe956000 	C:\WINDOWS\SYSTEM32\dhcpcsvc6.DLL
0x00007ffebeb50000 - 0x00007ffebeb6c000 	C:\WINDOWS\SYSTEM32\dhcpcsvc.DLL
0x00007ffec98a0000 - 0x00007ffec996b000 	C:\WINDOWS\SYSTEM32\DNSAPI.dll
0x00007ffebf690000 - 0x00007ffebf69b000 	C:\WINDOWS\SYSTEM32\WINNSI.DLL

VM Arguments:
jvm_args: -Xmx2048m -Dfile.encoding=UTF-8 -Duser.country=US -Duser.language=en -Duser.variant 
java_command: org.gradle.launcher.daemon.bootstrap.GradleDaemon 6.5
java_class_path (initial): C:\Users\Renzo\.gradle\wrapper\dists\gradle-6.5-bin\6nifqtx7604sqp1q6g8wikw7p\gradle-6.5\lib\gradle-launcher-6.5.jar
Launcher Type: SUN_STANDARD

Environment Variables:
PATH=C:\Users\Renzo\.IdeaIC2019.2\system\tmp\patch-update\jre\bin;C:\ProgramData\Oracle\Java\javapath;C:\WINDOWS\system32;C:\WINDOWS;C:\WINDOWS\System32\Wbem;C:\WINDOWS\System32\WindowsPowerShell\v1.0\;C:\Program Files\Intel\WiFi\bin\;C:\Program Files\Common Files\Intel\WirelessCommon\;C:\Program Files (x86)\PharosSystems\Core;C:\Program Files\dotnet\;C:\WINDOWS\System32\OpenSSH\;C:\Program Files\PuTTY\;C:\Program Files\Git\cmd;C:\ProgramData\chocolatey\bin;C:\Users\Renzo\.IdeaIC2019.2\system\tmp\patch-update\jre\bin;C:\Mingw-w64\mingw32\bin;C:\Users\Renzo\AppData\Local\Programs\Microsoft VS Code\bin;C:\Users\Renzo\AppData\Local\Microsoft\WindowsApps;C:\Users\Renzo\AppData\Local\Box\Box Edit\
USERNAME=Renzo
OS=Windows_NT
PROCESSOR_IDENTIFIER=Intel64 Family 6 Model 78 Stepping 3, GenuineIntel



---------------  S Y S T E M  ---------------

OS: Windows 10.0 , 64 bit Build 18362 (10.0.18362.1110)

CPU:total 4 (initial active 4) (2 cores per cpu, 2 threads per core) family 6 model 78 stepping 3, cmov, cx8, fxsr, mmx, sse, sse2, sse3, ssse3, sse4.1, sse4.2, popcnt, avx, avx2, aes, clmul, erms, 3dnowpref, lzcnt, ht, tsc, tscinvbit, bmi1, bmi2, adx

Memory: 4k page, physical 8238856k(751676k free), swap 10185480k(4136k free)

vm_info: OpenJDK 64-Bit Server VM (25.242-b01) for windows-amd64 JRE (1.8.0_242-release-1644-b01), built by "builder" with MS VC++ 10.0 (VS2010)

time: Fri Nov 06 13:03:52 2020
timezone: Mountain Standard Time
elapsed time: 10 seconds (0d 0h 0m 10s)

